/depot-kobold2d/Kobold2D-Master/Kobold2D-1.0/__Kobold2D__/libs/cocos2d-iphone-extensions/Extensions/CCBigImage/CCBigImage.h:35: warning: the name `Node' supplied as the argument of the \class, \struct, \union, or \include command is not an input file
/depot-kobold2d/Kobold2D-Master/Kobold2D-1.0/__Kobold2D__/libs/cocos2d-iphone-extensions/Extensions/CCLayerPanZoom/CCLayerPanZoom.h:64: warning: the name `Class' supplied as the argument of the \class, \struct, \union, or \include command is not an input file
/depot-kobold2d/Kobold2D-Master/Kobold2D-1.0/__Kobold2D__/libs/cocos2d-iphone-extensions/Extensions/CCMenuAdvanced/CCMenuAdvanced.h:39: warning: the name `CCMenu' supplied as the argument of the \class, \struct, \union, or \include command is not an input file
/depot-kobold2d/Kobold2D-Master/Kobold2D-1.0/__Kobold2D__/libs/cocos2d-iphone-extensions/Extensions/CCMenuItemSpriteIndependent/CCMenuItemSpriteIndependent.h:32: warning: the name `CCMenuItemSprite' supplied as the argument of the \class, \struct, \union, or \include command is not an input file
/depot-kobold2d/Kobold2D-Master/Kobold2D-1.0/__Kobold2D__/libs/cocos2d-iphone-extensions/Extensions/CCSendMessages/CCSendMessages.h:35: warning: the name `CCActionInstant' supplied as the argument of the \class, \struct, \union, or \include command is not an input file
/depot-kobold2d/Kobold2D-Master/Kobold2D-1.0/__Kobold2D__/libs/cocos2d-iphone-extensions/Extensions/CCSlider/CCSlider.h:37: warning: the name `Slider' supplied as the argument of the \class, \struct, \union, or \include command is not an input file
/depot-kobold2d/Kobold2D-Master/Kobold2D-1.0/__Kobold2D__/libs/cocos2d-iphone-extensions/Extensions/CCVideoPlayer/CCVideoPlayer.h:38: warning: the name `-' supplied as the argument of the \class, \struct, \union, or \include command is not an input file
/depot-kobold2d/Kobold2D-Master/Kobold2D-1.0/__Kobold2D__/libs/cocos2d-iphone-extensions/Extensions/FilesDownloader/FilesDownloader.h:50: warning: the name `Simple' supplied as the argument of the \class, \struct, \union, or \include command is not an input file
/depot-kobold2d/Kobold2D-Master/Kobold2D-1.0/__Kobold2D__/libs/cocos2d-iphone-extensions/Extensions/FilesDownloader/SingleFileDownloader.h:42: warning: the name `Class' supplied as the argument of the \class, \struct, \union, or \include command is not an input file
/depot-kobold2d/Kobold2D-Master/Kobold2D-1.0/__Kobold2D__/libs/cocos2d-iphone-extensions/Extensions/TMXGenerator/TMXGenerator.h:154: warning: the name `Class' supplied as the argument of the \class, \struct, \union, or \include command is not an input file
/depot-kobold2d/Kobold2D-Master/Kobold2D-1.0/__Kobold2D__/libs/cocos2d-iphone-extensions/Extensions/CCScrollLayer/CCScrollLayer.h:35: warning: Compound CCScrollLayerDelegate-p is not documented.
/depot-kobold2d/Kobold2D-Master/Kobold2D-1.0/__Kobold2D__/libs/cocos2d-iphone-extensions/Extensions/CCMenuAdvanced/CCMenuAdvanced.h:31: warning: Compound NSString(UnicharExtensions) is not documented.
/depot-kobold2d/Kobold2D-Master/Kobold2D-1.0/__Kobold2D__/libs/cocos2d-iphone-extensions/Extensions/CCSendMessages/CCSendMessages.h:101: warning: Compound CCStoredMessages is not documented.
/depot-kobold2d/Kobold2D-Master/Kobold2D-1.0/__Kobold2D__/libs/cocos2d-iphone-extensions/Extensions/FilesDownloader/FilesDownloader.h:42: warning: Compound FilesDownloaderDelegate-p is not documented.
/depot-kobold2d/Kobold2D-Master/Kobold2D-1.0/__Kobold2D__/libs/cocos2d-iphone-extensions/Extensions/TMXGenerator/TMXGenerator.h:77: warning: Compound TMXGeneratorDelegate-p is not documented.
/depot-kobold2d/Kobold2D-Master/Kobold2D-1.0/__Kobold2D__/libs/cocos2d-iphone-extensions/Extensions/CCVideoPlayer/CCVideoPlayer.h:31: warning: Compound CCVideoPlayerDelegate-p is not documented.
/depot-kobold2d/Kobold2D-Master/Kobold2D-1.0/__Kobold2D__/libs/cocos2d-iphone-extensions/Extensions/CCBigImage/CCTextureCache+CCBigImageExtensions.h:32: warning: Compound CCTextureCache(iTraceurDynamicTiles) is not documented.
/depot-kobold2d/Kobold2D-Master/Kobold2D-1.0/__Kobold2D__/libs/cocos2d-iphone-extensions/Extensions/CCVideoPlayer/iOS/CCVideoPlayerImpliOS.h:41: warning: Compound CCVideoPlayerImpliOS is not documented.
/depot-kobold2d/Kobold2D-Master/Kobold2D-1.0/__Kobold2D__/libs/cocos2d-iphone-extensions/Extensions/CCLayerPanZoom/CCLayerPanZoom.h:45: warning: Compound CCLayerPanZoomClickDelegate-p is not documented.
/depot-kobold2d/Kobold2D-Master/Kobold2D-1.0/__Kobold2D__/libs/cocos2d-iphone-extensions/Extensions/CCBigImage/CCTextureCache+CCBigImageExtensions.h:38: warning: Compound CCTexture2D(Extension) is not documented.
/depot-kobold2d/Kobold2D-Master/Kobold2D-1.0/__Kobold2D__/libs/cocos2d-iphone-extensions/Extensions/FilesDownloader/SingleFileDownloader.h:33: warning: Compound SingleFileDownloaderDelegate-p is not documented.
/depot-kobold2d/Kobold2D-Master/Kobold2D-1.0/__Kobold2D__/libs/cocos2d-iphone-extensions/Extensions/TMXGenerator/LFCGzipUtility.h:14: warning: Compound LFCGzipUtility is not documented.
/depot-kobold2d/Kobold2D-Master/Kobold2D-1.0/__Kobold2D__/libs/cocos2d-iphone-extensions/Extensions/CCVideoPlayer/iOS/videoOverlayView.h:33: warning: Compound VideoOverlayView is not documented.
/depot-kobold2d/Kobold2D-Master/Kobold2D-1.0/__Kobold2D__/libs/cocos2d-iphone-extensions/Extensions/TMXGenerator/cencode.h:35: warning: Member base64_encode_block(unsigned char out[4], const unsigned char in[3], int len) (function) of file cencode.h is not documented.
/depot-kobold2d/Kobold2D-Master/Kobold2D-1.0/__Kobold2D__/libs/cocos2d-iphone-extensions/Extensions/TMXGenerator/cencode.h:36: warning: Member base64_decode_block(unsigned char out[3], const unsigned char in[4]) (function) of file cencode.h is not documented.
/depot-kobold2d/Kobold2D-Master/Kobold2D-1.0/__Kobold2D__/libs/cocos2d-iphone-extensions/Extensions/TMXGenerator/cencode.h:37: warning: Member base64_encoded_size(size_t len) (function) of file cencode.h is not documented.
/depot-kobold2d/Kobold2D-Master/Kobold2D-1.0/__Kobold2D__/libs/cocos2d-iphone-extensions/Extensions/TMXGenerator/cencode.h:38: warning: Member base64_decoded_size(size_t len) (function) of file cencode.h is not documented.
/depot-kobold2d/Kobold2D-Master/Kobold2D-1.0/__Kobold2D__/libs/cocos2d-iphone-extensions/Extensions/TMXGenerator/cencode.h:39: warning: Member base64_encode_binary(char *out, const unsigned char *in, size_t len) (function) of file cencode.h is not documented.
/depot-kobold2d/Kobold2D-Master/Kobold2D-1.0/__Kobold2D__/libs/cocos2d-iphone-extensions/Extensions/TMXGenerator/cencode.h:40: warning: Member base64_decode_binary(unsigned char *out, const char *in) (function) of file cencode.h is not documented.
/depot-kobold2d/Kobold2D-Master/Kobold2D-1.0/__Kobold2D__/libs/cocos2d-iphone-extensions/Extensions/TMXGenerator/cencode.h:41: warning: Member base64_encode(const char *in, size_t size) (function) of file cencode.h is not documented.
/depot-kobold2d/Kobold2D-Master/Kobold2D-1.0/__Kobold2D__/libs/cocos2d-iphone-extensions/Extensions/TMXGenerator/cencode.h:42: warning: Member base64_decode(const char *in) (function) of file cencode.h is not documented.
/depot-kobold2d/Kobold2D-Master/Kobold2D-1.0/__Kobold2D__/libs/cocos2d-iphone-extensions/Extensions/CCBigImage/CCBigImage.h:55: warning: Member _screenLoadRectExtension (variable) of class CCBigImage is not documented.
/depot-kobold2d/Kobold2D-Master/Kobold2D-1.0/__Kobold2D__/libs/cocos2d-iphone-extensions/Extensions/CCBigImage/CCBigImage.h:58: warning: Member _loadedRect (variable) of class CCBigImage is not documented.
/depot-kobold2d/Kobold2D-Master/Kobold2D-1.0/__Kobold2D__/libs/cocos2d-iphone-extensions/Extensions/CCBigImage/CCBigImage.h:61: warning: Member _dynamicChildren (variable) of class CCBigImage is not documented.
/depot-kobold2d/Kobold2D-Master/Kobold2D-1.0/__Kobold2D__/libs/cocos2d-iphone-extensions/Extensions/CCBigImage/CCBigImage.h:64: warning: Member _levelTextures (variable) of class CCBigImage is not documented.
/depot-kobold2d/Kobold2D-Master/Kobold2D-1.0/__Kobold2D__/libs/cocos2d-iphone-extensions/Extensions/CCBigImage/CCBigImage.h:67: warning: Member _tilesLoadThread (variable) of class CCBigImage is not documented.
/depot-kobold2d/Kobold2D-Master/Kobold2D-1.0/__Kobold2D__/libs/cocos2d-iphone-extensions/Extensions/CCBigImage/CCBigImage.h:68: warning: Member _tilesLoadThreadIsSleeping (variable) of class CCBigImage is not documented.
/depot-kobold2d/Kobold2D-Master/Kobold2D-1.0/__Kobold2D__/libs/cocos2d-iphone-extensions/Extensions/CCBigImage/CCBigImage.h:69: warning: Member _significantPositionChange (variable) of class CCBigImage is not documented.
/depot-kobold2d/Kobold2D-Master/Kobold2D-1.0/__Kobold2D__/libs/cocos2d-iphone-extensions/Extensions/CCBigImage/CCBigImage.h:71: warning: Member _dynamicMode (variable) of class CCBigImage is not documented.
/depot-kobold2d/Kobold2D-Master/Kobold2D-1.0/__Kobold2D__/libs/cocos2d-iphone-extensions/Extensions/CCBigImage/CCBigImage.h:75: warning: Member tilesLoadThread (property) of class CCBigImage is not documented.
/depot-kobold2d/Kobold2D-Master/Kobold2D-1.0/__Kobold2D__/libs/cocos2d-iphone-extensions/Extensions/CCLayerPanZoom/CCLayerPanZoom.h:68: warning: Member _maxScale (variable) of class CCLayerPanZoom is not documented.
/depot-kobold2d/Kobold2D-Master/Kobold2D-1.0/__Kobold2D__/libs/cocos2d-iphone-extensions/Extensions/CCLayerPanZoom/CCLayerPanZoom.h:69: warning: Member _minScale (variable) of class CCLayerPanZoom is not documented.
/depot-kobold2d/Kobold2D-Master/Kobold2D-1.0/__Kobold2D__/libs/cocos2d-iphone-extensions/Extensions/CCLayerPanZoom/CCLayerPanZoom.h:70: warning: Member _touches (variable) of class CCLayerPanZoom is not documented.
/depot-kobold2d/Kobold2D-Master/Kobold2D-1.0/__Kobold2D__/libs/cocos2d-iphone-extensions/Extensions/CCLayerPanZoom/CCLayerPanZoom.h:71: warning: Member _panBoundsRect (variable) of class CCLayerPanZoom is not documented.
/depot-kobold2d/Kobold2D-Master/Kobold2D-1.0/__Kobold2D__/libs/cocos2d-iphone-extensions/Extensions/CCLayerPanZoom/CCLayerPanZoom.h:72: warning: Member _touchDistance (variable) of class CCLayerPanZoom is not documented.
/depot-kobold2d/Kobold2D-Master/Kobold2D-1.0/__Kobold2D__/libs/cocos2d-iphone-extensions/Extensions/CCLayerPanZoom/CCLayerPanZoom.h:73: warning: Member _maxTouchDistanceToClick (variable) of class CCLayerPanZoom is not documented.
/depot-kobold2d/Kobold2D-Master/Kobold2D-1.0/__Kobold2D__/libs/cocos2d-iphone-extensions/Extensions/CCLayerPanZoom/CCLayerPanZoom.h:74: warning: Member _delegate (variable) of class CCLayerPanZoom is not documented.
/depot-kobold2d/Kobold2D-Master/Kobold2D-1.0/__Kobold2D__/libs/cocos2d-iphone-extensions/Extensions/CCLayerPanZoom/CCLayerPanZoom.h:76: warning: Member _mode (variable) of class CCLayerPanZoom is not documented.
/depot-kobold2d/Kobold2D-Master/Kobold2D-1.0/__Kobold2D__/libs/cocos2d-iphone-extensions/Extensions/CCLayerPanZoom/CCLayerPanZoom.h:77: warning: Member _minSpeed (variable) of class CCLayerPanZoom is not documented.
/depot-kobold2d/Kobold2D-Master/Kobold2D-1.0/__Kobold2D__/libs/cocos2d-iphone-extensions/Extensions/CCLayerPanZoom/CCLayerPanZoom.h:78: warning: Member _maxSpeed (variable) of class CCLayerPanZoom is not documented.
/depot-kobold2d/Kobold2D-Master/Kobold2D-1.0/__Kobold2D__/libs/cocos2d-iphone-extensions/Extensions/CCLayerPanZoom/CCLayerPanZoom.h:79: warning: Member _topFrameMargin (variable) of class CCLayerPanZoom is not documented.
/depot-kobold2d/Kobold2D-Master/Kobold2D-1.0/__Kobold2D__/libs/cocos2d-iphone-extensions/Extensions/CCLayerPanZoom/CCLayerPanZoom.h:80: warning: Member _bottomFrameMargin (variable) of class CCLayerPanZoom is not documented.
/depot-kobold2d/Kobold2D-Master/Kobold2D-1.0/__Kobold2D__/libs/cocos2d-iphone-extensions/Extensions/CCLayerPanZoom/CCLayerPanZoom.h:81: warning: Member _leftFrameMargin (variable) of class CCLayerPanZoom is not documented.
/depot-kobold2d/Kobold2D-Master/Kobold2D-1.0/__Kobold2D__/libs/cocos2d-iphone-extensions/Extensions/CCLayerPanZoom/CCLayerPanZoom.h:82: warning: Member _rightFrameMargin (variable) of class CCLayerPanZoom is not documented.
/depot-kobold2d/Kobold2D-Master/Kobold2D-1.0/__Kobold2D__/libs/cocos2d-iphone-extensions/Extensions/CCLayerPanZoom/CCLayerPanZoom.h:84: warning: Member _prevSingleTouchPositionInLayer (variable) of class CCLayerPanZoom is not documented.
/depot-kobold2d/Kobold2D-Master/Kobold2D-1.0/__Kobold2D__/libs/cocos2d-iphone-extensions/Extensions/CCLayerPanZoom/CCLayerPanZoom.h:89: warning: Member _singleTouchTimestamp (variable) of class CCLayerPanZoom is not documented.
/depot-kobold2d/Kobold2D-Master/Kobold2D-1.0/__Kobold2D__/libs/cocos2d-iphone-extensions/Extensions/CCLayerPanZoom/CCLayerPanZoom.h:92: warning: Member _touchMoveBegan (variable) of class CCLayerPanZoom is not documented.
/depot-kobold2d/Kobold2D-Master/Kobold2D-1.0/__Kobold2D__/libs/cocos2d-iphone-extensions/Extensions/CCLayerPanZoom/CCLayerPanZoom.h:94: warning: Member _rubberEffectRecoveryTime (variable) of class CCLayerPanZoom is not documented.
/depot-kobold2d/Kobold2D-Master/Kobold2D-1.0/__Kobold2D__/libs/cocos2d-iphone-extensions/Extensions/CCLayerPanZoom/CCLayerPanZoom.h:95: warning: Member _rubberEffectRatio (variable) of class CCLayerPanZoom is not documented.
/depot-kobold2d/Kobold2D-Master/Kobold2D-1.0/__Kobold2D__/libs/cocos2d-iphone-extensions/Extensions/CCLayerPanZoom/CCLayerPanZoom.h:96: warning: Member _rubberEffectRecovering (variable) of class CCLayerPanZoom is not documented.
/depot-kobold2d/Kobold2D-Master/Kobold2D-1.0/__Kobold2D__/libs/cocos2d-iphone-extensions/Extensions/CCLayerPanZoom/CCLayerPanZoom.h:97: warning: Member _rubberEffectZooming (variable) of class CCLayerPanZoom is not documented.
/depot-kobold2d/Kobold2D-Master/Kobold2D-1.0/__Kobold2D__/libs/cocos2d-iphone-extensions/Extensions/CCMenuAdvanced/CCMenuAdvanced.h:138: warning: Member selectNextMenuItem() (function) of class CCMenuAdvanced is not documented.
/depot-kobold2d/Kobold2D-Master/Kobold2D-1.0/__Kobold2D__/libs/cocos2d-iphone-extensions/Extensions/CCMenuAdvanced/CCMenuAdvanced.h:139: warning: Member selectPrevMenuItem() (function) of class CCMenuAdvanced is not documented.
/depot-kobold2d/Kobold2D-Master/Kobold2D-1.0/__Kobold2D__/libs/cocos2d-iphone-extensions/Extensions/CCMenuAdvanced/CCMenuAdvanced.h:142: warning: Member activateSelectedItem() (function) of class CCMenuAdvanced is not documented.
/depot-kobold2d/Kobold2D-Master/Kobold2D-1.0/__Kobold2D__/libs/cocos2d-iphone-extensions/Extensions/CCMenuAdvanced/CCMenuAdvanced.h:143: warning: Member cancelSelectedItem() (function) of class CCMenuAdvanced is not documented.
/depot-kobold2d/Kobold2D-Master/Kobold2D-1.0/__Kobold2D__/libs/cocos2d-iphone-extensions/Extensions/CCMenuAdvanced/CCMenuAdvanced.h:51: warning: Member priority_ (variable) of class CCMenuAdvanced is not documented.
/depot-kobold2d/Kobold2D-Master/Kobold2D-1.0/__Kobold2D__/libs/cocos2d-iphone-extensions/Extensions/CCMenuAdvanced/CCMenuAdvanced.h:52: warning: Member selectedItemNumber_ (variable) of class CCMenuAdvanced is not documented.
/depot-kobold2d/Kobold2D-Master/Kobold2D-1.0/__Kobold2D__/libs/cocos2d-iphone-extensions/Extensions/CCMenuAdvanced/CCMenuAdvanced.h:54: warning: Member boundaryRect_ (variable) of class CCMenuAdvanced is not documented.
/depot-kobold2d/Kobold2D-Master/Kobold2D-1.0/__Kobold2D__/libs/cocos2d-iphone-extensions/Extensions/CCMenuAdvanced/CCMenuAdvanced.h:55: warning: Member minimumTouchLengthToSlide_ (variable) of class CCMenuAdvanced is not documented.
/depot-kobold2d/Kobold2D-Master/Kobold2D-1.0/__Kobold2D__/libs/cocos2d-iphone-extensions/Extensions/CCMenuAdvanced/CCMenuAdvanced.h:56: warning: Member curTouchLength_ (variable) of class CCMenuAdvanced is not documented.
/depot-kobold2d/Kobold2D-Master/Kobold2D-1.0/__Kobold2D__/libs/cocos2d-iphone-extensions/Extensions/CCMenuAdvanced/CCMenuAdvanced.h:58: warning: Member isDisabled_ (variable) of class CCMenuAdvanced is not documented.
/depot-kobold2d/Kobold2D-Master/Kobold2D-1.0/__Kobold2D__/libs/cocos2d-iphone-extensions/Extensions/CCMenuAdvanced/CCMenuAdvanced.h:118: warning: argument 'leftRoRight' of command @param is not found in the argument list of CCMenuAdvanced::alignItemsHorizontallyWithPadding:leftToRight:(float padding,[leftToRight] BOOL leftToRight)
/depot-kobold2d/Kobold2D-Master/Kobold2D-1.0/__Kobold2D__/libs/cocos2d-iphone-extensions/Extensions/CCMenuAdvanced/CCMenuAdvanced.h:118: warning: The following parameters of CCMenuAdvanced::alignItemsHorizontallyWithPadding:leftToRight:(float padding,[leftToRight] BOOL leftToRight) are not documented:
  parameter 'leftToRight'
/depot-kobold2d/Kobold2D-Master/Kobold2D-1.0/__Kobold2D__/libs/cocos2d-iphone-extensions/Extensions/CCScrollLayer/CCScrollLayer.h:208: warning: Member moveToPage:(int page) (function) of class CCScrollLayer is not documented.
/depot-kobold2d/Kobold2D-Master/Kobold2D-1.0/__Kobold2D__/libs/cocos2d-iphone-extensions/Extensions/CCScrollLayer/CCScrollLayer.h:213: warning: Member selectPage:(int page) (function) of class CCScrollLayer is not documented.
/depot-kobold2d/Kobold2D-Master/Kobold2D-1.0/__Kobold2D__/libs/cocos2d-iphone-extensions/Extensions/CCScrollLayer/CCScrollLayer.h:59: warning: Member delegate_ (variable) of class CCScrollLayer is not documented.
/depot-kobold2d/Kobold2D-Master/Kobold2D-1.0/__Kobold2D__/libs/cocos2d-iphone-extensions/Extensions/CCScrollLayer/CCScrollLayer.h:62: warning: Member currentScreen_ (variable) of class CCScrollLayer is not documented.
/depot-kobold2d/Kobold2D-Master/Kobold2D-1.0/__Kobold2D__/libs/cocos2d-iphone-extensions/Extensions/CCScrollLayer/CCScrollLayer.h:65: warning: Member prevScreen_ (variable) of class CCScrollLayer is not documented.
/depot-kobold2d/Kobold2D-Master/Kobold2D-1.0/__Kobold2D__/libs/cocos2d-iphone-extensions/Extensions/CCScrollLayer/CCScrollLayer.h:68: warning: Member startSwipe_ (variable) of class CCScrollLayer is not documented.
/depot-kobold2d/Kobold2D-Master/Kobold2D-1.0/__Kobold2D__/libs/cocos2d-iphone-extensions/Extensions/CCScrollLayer/CCScrollLayer.h:71: warning: Member minimumTouchLengthToSlide_ (variable) of class CCScrollLayer is not documented.
/depot-kobold2d/Kobold2D-Master/Kobold2D-1.0/__Kobold2D__/libs/cocos2d-iphone-extensions/Extensions/CCScrollLayer/CCScrollLayer.h:74: warning: Member minimumTouchLengthToChangePage_ (variable) of class CCScrollLayer is not documented.
/depot-kobold2d/Kobold2D-Master/Kobold2D-1.0/__Kobold2D__/libs/cocos2d-iphone-extensions/Extensions/CCScrollLayer/CCScrollLayer.h:77: warning: Member showPagesIndicator_ (variable) of class CCScrollLayer is not documented.
/depot-kobold2d/Kobold2D-Master/Kobold2D-1.0/__Kobold2D__/libs/cocos2d-iphone-extensions/Extensions/CCScrollLayer/CCScrollLayer.h:78: warning: Member pagesIndicatorPosition_ (variable) of class CCScrollLayer is not documented.
/depot-kobold2d/Kobold2D-Master/Kobold2D-1.0/__Kobold2D__/libs/cocos2d-iphone-extensions/Extensions/CCScrollLayer/CCScrollLayer.h:81: warning: Member state_ (variable) of class CCScrollLayer is not documented.
/depot-kobold2d/Kobold2D-Master/Kobold2D-1.0/__Kobold2D__/libs/cocos2d-iphone-extensions/Extensions/CCScrollLayer/CCScrollLayer.h:83: warning: Member stealTouches_ (variable) of class CCScrollLayer is not documented.
/depot-kobold2d/Kobold2D-Master/Kobold2D-1.0/__Kobold2D__/libs/cocos2d-iphone-extensions/Extensions/CCScrollLayer/CCScrollLayer.h:84: warning: Member stealingTouchInProgress_ (variable) of class CCScrollLayer is not documented.
/depot-kobold2d/Kobold2D-Master/Kobold2D-1.0/__Kobold2D__/libs/cocos2d-iphone-extensions/Extensions/CCScrollLayer/CCScrollLayer.h:88: warning: Member scrollTouch_ (variable) of class CCScrollLayer is not documented.
/depot-kobold2d/Kobold2D-Master/Kobold2D-1.0/__Kobold2D__/libs/cocos2d-iphone-extensions/Extensions/CCScrollLayer/CCScrollLayer.h:92: warning: Member layers_ (variable) of class CCScrollLayer is not documented.
/depot-kobold2d/Kobold2D-Master/Kobold2D-1.0/__Kobold2D__/libs/cocos2d-iphone-extensions/Extensions/CCScrollLayer/CCScrollLayer.h:95: warning: Member pagesWidthOffset_ (variable) of class CCScrollLayer is not documented.
/depot-kobold2d/Kobold2D-Master/Kobold2D-1.0/__Kobold2D__/libs/cocos2d-iphone-extensions/Extensions/CCScrollLayer/CCScrollLayer.h:98: warning: Member marginOffset_ (variable) of class CCScrollLayer is not documented.
/depot-kobold2d/Kobold2D-Master/Kobold2D-1.0/__Kobold2D__/libs/cocos2d-iphone-extensions/Extensions/CCScrollLayer/CCScrollLayer.h:100: warning: Member pagesIndicatorNormalColor_ (variable) of class CCScrollLayer is not documented.
/depot-kobold2d/Kobold2D-Master/Kobold2D-1.0/__Kobold2D__/libs/cocos2d-iphone-extensions/Extensions/CCScrollLayer/CCScrollLayer.h:101: warning: Member pagesIndicatorSelectedColor_ (variable) of class CCScrollLayer is not documented.
/depot-kobold2d/Kobold2D-Master/Kobold2D-1.0/__Kobold2D__/libs/cocos2d-iphone-extensions/Extensions/CCScrollLayer/CCScrollLayer.h:104: warning: Member delegate (property) of class CCScrollLayer is not documented.
/depot-kobold2d/Kobold2D-Master/Kobold2D-1.0/__Kobold2D__/libs/cocos2d-iphone-extensions/Extensions/CCSlider/CCSlider.h:41: warning: Member minX (variable) of class CCSlider is not documented.
/depot-kobold2d/Kobold2D-Master/Kobold2D-1.0/__Kobold2D__/libs/cocos2d-iphone-extensions/Extensions/CCSlider/CCSlider.h:42: warning: Member maxX (variable) of class CCSlider is not documented.
/depot-kobold2d/Kobold2D-Master/Kobold2D-1.0/__Kobold2D__/libs/cocos2d-iphone-extensions/Extensions/CCSlider/CCSlider.h:45: warning: Member _thumb (variable) of class CCSlider is not documented.
/depot-kobold2d/Kobold2D-Master/Kobold2D-1.0/__Kobold2D__/libs/cocos2d-iphone-extensions/Extensions/CCSlider/CCSlider.h:46: warning: Member _bg (variable) of class CCSlider is not documented.
/depot-kobold2d/Kobold2D-Master/Kobold2D-1.0/__Kobold2D__/libs/cocos2d-iphone-extensions/Extensions/CCSendMessages/CCSendMessages.h:104: warning: Member target_ (variable) of class CCStoredMessages is not documented.
/depot-kobold2d/Kobold2D-Master/Kobold2D-1.0/__Kobold2D__/libs/cocos2d-iphone-extensions/Extensions/CCSendMessages/CCSendMessages.h:105: warning: Member invocations_ (variable) of class CCStoredMessages is not documented.
/depot-kobold2d/Kobold2D-Master/Kobold2D-1.0/__Kobold2D__/libs/cocos2d-iphone-extensions/Extensions/CCBigImage/CCTextureCache+CCBigImageExtensions.h:40: warning: Member setMipMapTexParameters() (function) of class CCTexture2D(Extension) is not documented.
/depot-kobold2d/Kobold2D-Master/Kobold2D-1.0/__Kobold2D__/libs/cocos2d-iphone-extensions/Extensions/CCBigImage/CCTextureCache+CCBigImageExtensions.h:34: warning: Member addImageFromAnotherThreadWithName:target:selector:(NSString *filename,[target] id target,[selector] SEL selector) (function) of class CCTextureCache(iTraceurDynamicTiles) is not documented.
/depot-kobold2d/Kobold2D-Master/Kobold2D-1.0/__Kobold2D__/libs/cocos2d-iphone-extensions/Extensions/CCVideoPlayer/CCVideoPlayer.h:33: warning: Member movieStartsPlaying() (function) of class CCVideoPlayerDelegate-p is not documented.
/depot-kobold2d/Kobold2D-Master/Kobold2D-1.0/__Kobold2D__/libs/cocos2d-iphone-extensions/Extensions/CCVideoPlayer/CCVideoPlayer.h:34: warning: Member moviePlaybackFinished() (function) of class CCVideoPlayerDelegate-p is not documented.
/depot-kobold2d/Kobold2D-Master/Kobold2D-1.0/__Kobold2D__/libs/cocos2d-iphone-extensions/Extensions/CCVideoPlayer/iOS/CCVideoPlayerImpliOS.h:53: warning: Member playMovieAtURL:(NSURL *theURL) (function) of class CCVideoPlayerImpliOS is not documented.
/depot-kobold2d/Kobold2D-Master/Kobold2D-1.0/__Kobold2D__/libs/cocos2d-iphone-extensions/Extensions/CCVideoPlayer/iOS/CCVideoPlayerImpliOS.h:54: warning: Member movieFinishedCallback:(NSNotification *aNotification) (function) of class CCVideoPlayerImpliOS is not documented.
/depot-kobold2d/Kobold2D-Master/Kobold2D-1.0/__Kobold2D__/libs/cocos2d-iphone-extensions/Extensions/CCVideoPlayer/iOS/CCVideoPlayerImpliOS.h:56: warning: Member setNoSkip:(BOOL value) (function) of class CCVideoPlayerImpliOS is not documented.
/depot-kobold2d/Kobold2D-Master/Kobold2D-1.0/__Kobold2D__/libs/cocos2d-iphone-extensions/Extensions/CCVideoPlayer/iOS/CCVideoPlayerImpliOS.h:58: warning: Member userCancelPlaying() (function) of class CCVideoPlayerImpliOS is not documented.
/depot-kobold2d/Kobold2D-Master/Kobold2D-1.0/__Kobold2D__/libs/cocos2d-iphone-extensions/Extensions/CCVideoPlayer/iOS/CCVideoPlayerImpliOS.h:59: warning: Member cancelPlaying() (function) of class CCVideoPlayerImpliOS is not documented.
/depot-kobold2d/Kobold2D-Master/Kobold2D-1.0/__Kobold2D__/libs/cocos2d-iphone-extensions/Extensions/CCVideoPlayer/iOS/CCVideoPlayerImpliOS.h:61: warning: Member setDelegate:(id< CCVideoPlayerDelegate > aDelegate) (function) of class CCVideoPlayerImpliOS is not documented.
/depot-kobold2d/Kobold2D-Master/Kobold2D-1.0/__Kobold2D__/libs/cocos2d-iphone-extensions/Extensions/CCVideoPlayer/iOS/CCVideoPlayerImpliOS.h:63: warning: Member updateOrientationWithOrientation:(UIDeviceOrientation newOrientation) (function) of class CCVideoPlayerImpliOS is not documented.
/depot-kobold2d/Kobold2D-Master/Kobold2D-1.0/__Kobold2D__/libs/cocos2d-iphone-extensions/Extensions/CCVideoPlayer/iOS/CCVideoPlayerImpliOS.h:64: warning: Member updateOrientationWithOrientationNumber:(NSNumber *newOrientationNumber) (function) of class CCVideoPlayerImpliOS is not documented.
/depot-kobold2d/Kobold2D-Master/Kobold2D-1.0/__Kobold2D__/libs/cocos2d-iphone-extensions/Extensions/CCVideoPlayer/iOS/CCVideoPlayerImpliOS.h:42: warning: Member _theMovie (variable) of class CCVideoPlayerImpliOS is not documented.
/depot-kobold2d/Kobold2D-Master/Kobold2D-1.0/__Kobold2D__/libs/cocos2d-iphone-extensions/Extensions/CCVideoPlayer/iOS/CCVideoPlayerImpliOS.h:43: warning: Member _videoOverlayView (variable) of class CCVideoPlayerImpliOS is not documented.
/depot-kobold2d/Kobold2D-Master/Kobold2D-1.0/__Kobold2D__/libs/cocos2d-iphone-extensions/Extensions/CCVideoPlayer/iOS/CCVideoPlayerImpliOS.h:45: warning: Member _playing (variable) of class CCVideoPlayerImpliOS is not documented.
/depot-kobold2d/Kobold2D-Master/Kobold2D-1.0/__Kobold2D__/libs/cocos2d-iphone-extensions/Extensions/CCVideoPlayer/iOS/CCVideoPlayerImpliOS.h:46: warning: Member noSkip (variable) of class CCVideoPlayerImpliOS is not documented.
/depot-kobold2d/Kobold2D-Master/Kobold2D-1.0/__Kobold2D__/libs/cocos2d-iphone-extensions/Extensions/CCVideoPlayer/iOS/CCVideoPlayerImpliOS.h:49: warning: Member _delegate (variable) of class CCVideoPlayerImpliOS is not documented.
/depot-kobold2d/Kobold2D-Master/Kobold2D-1.0/__Kobold2D__/libs/cocos2d-iphone-extensions/Extensions/CCVideoPlayer/iOS/CCVideoPlayerImpliOS.h:52: warning: Member isPlaying (property) of class CCVideoPlayerImpliOS is not documented.
/depot-kobold2d/Kobold2D-Master/Kobold2D-1.0/__Kobold2D__/libs/cocos2d-iphone-extensions/Extensions/FilesDownloader/FilesDownloader.h:56: warning: Member _filenames (variable) of class FilesDownloader is not documented.
/depot-kobold2d/Kobold2D-Master/Kobold2D-1.0/__Kobold2D__/libs/cocos2d-iphone-extensions/Extensions/FilesDownloader/FilesDownloader.h:57: warning: Member _sourcePath (variable) of class FilesDownloader is not documented.
/depot-kobold2d/Kobold2D-Master/Kobold2D-1.0/__Kobold2D__/libs/cocos2d-iphone-extensions/Extensions/FilesDownloader/FilesDownloader.h:59: warning: Member _sizeCheckers (variable) of class FilesDownloader is not documented.
/depot-kobold2d/Kobold2D-Master/Kobold2D-1.0/__Kobold2D__/libs/cocos2d-iphone-extensions/Extensions/FilesDownloader/FilesDownloader.h:59: warning: Member _fileDownloaders (variable) of class FilesDownloader is not documented.
/depot-kobold2d/Kobold2D-Master/Kobold2D-1.0/__Kobold2D__/libs/cocos2d-iphone-extensions/Extensions/FilesDownloader/FilesDownloader.h:61: warning: Member _status (variable) of class FilesDownloader is not documented.
/depot-kobold2d/Kobold2D-Master/Kobold2D-1.0/__Kobold2D__/libs/cocos2d-iphone-extensions/Extensions/FilesDownloader/FilesDownloader.h:62: warning: Member _curFile (variable) of class FilesDownloader is not documented.
/depot-kobold2d/Kobold2D-Master/Kobold2D-1.0/__Kobold2D__/libs/cocos2d-iphone-extensions/Extensions/FilesDownloader/FilesDownloader.h:64: warning: Member _fileSizes (variable) of class FilesDownloader is not documented.
/depot-kobold2d/Kobold2D-Master/Kobold2D-1.0/__Kobold2D__/libs/cocos2d-iphone-extensions/Extensions/FilesDownloader/FilesDownloader.h:66: warning: Member _delegate (variable) of class FilesDownloader is not documented.
/depot-kobold2d/Kobold2D-Master/Kobold2D-1.0/__Kobold2D__/libs/cocos2d-iphone-extensions/Extensions/FilesDownloader/FilesDownloader.h:44: warning: Member downloadFailedWithError:(NSString *errorDescription) (function) of class FilesDownloaderDelegate-p is not documented.
/depot-kobold2d/Kobold2D-Master/Kobold2D-1.0/__Kobold2D__/libs/cocos2d-iphone-extensions/Extensions/FilesDownloader/FilesDownloader.h:45: warning: Member downloadFinished() (function) of class FilesDownloaderDelegate-p is not documented.
/depot-kobold2d/Kobold2D-Master/Kobold2D-1.0/__Kobold2D__/libs/cocos2d-iphone-extensions/Extensions/TMXGenerator/LFCGzipUtility.h:30: warning: Member gzipData:(NSData *pUncompressedData) (function) of class LFCGzipUtility is not documented.
/depot-kobold2d/Kobold2D-Master/Kobold2D-1.0/__Kobold2D__/libs/cocos2d-iphone-extensions/Extensions/CCMenuAdvanced/CCMenuAdvanced.h:34: warning: Member unicharFromFirstCharacter:(NSString *aString) (function) of class NSString(UnicharExtensions) is not documented.
/depot-kobold2d/Kobold2D-Master/Kobold2D-1.0/__Kobold2D__/libs/cocos2d-iphone-extensions/Extensions/CCMenuAdvanced/CCMenuAdvanced.h:33: warning: Member stringWithUnichar:(unichar anUnichar) (function) of class NSString(UnicharExtensions) is not documented.
/depot-kobold2d/Kobold2D-Master/Kobold2D-1.0/__Kobold2D__/libs/cocos2d-iphone-extensions/Extensions/FilesDownloader/SingleFileDownloader.h:56: warning: Member _downloading (variable) of class SingleFileDownloader is not documented.
/depot-kobold2d/Kobold2D-Master/Kobold2D-1.0/__Kobold2D__/libs/cocos2d-iphone-extensions/Extensions/FilesDownloader/SingleFileDownloader.h:58: warning: Member _connection (variable) of class SingleFileDownloader is not documented.
/depot-kobold2d/Kobold2D-Master/Kobold2D-1.0/__Kobold2D__/libs/cocos2d-iphone-extensions/Extensions/FilesDownloader/SingleFileDownloader.h:60: warning: Member _fileHandle (variable) of class SingleFileDownloader is not documented.
/depot-kobold2d/Kobold2D-Master/Kobold2D-1.0/__Kobold2D__/libs/cocos2d-iphone-extensions/Extensions/FilesDownloader/SingleFileDownloader.h:62: warning: Member _filename (variable) of class SingleFileDownloader is not documented.
/depot-kobold2d/Kobold2D-Master/Kobold2D-1.0/__Kobold2D__/libs/cocos2d-iphone-extensions/Extensions/FilesDownloader/SingleFileDownloader.h:62: warning: Member _sourcePath (variable) of class SingleFileDownloader is not documented.
/depot-kobold2d/Kobold2D-Master/Kobold2D-1.0/__Kobold2D__/libs/cocos2d-iphone-extensions/Extensions/FilesDownloader/SingleFileDownloader.h:64: warning: Member _delegate (variable) of class SingleFileDownloader is not documented.
/depot-kobold2d/Kobold2D-Master/Kobold2D-1.0/__Kobold2D__/libs/cocos2d-iphone-extensions/Extensions/FilesDownloader/SingleFileDownloader.h:66: warning: Member _bytesReceived (variable) of class SingleFileDownloader is not documented.
/depot-kobold2d/Kobold2D-Master/Kobold2D-1.0/__Kobold2D__/libs/cocos2d-iphone-extensions/Extensions/FilesDownloader/SingleFileDownloader.h:66: warning: Member _bytesTotal (variable) of class SingleFileDownloader is not documented.
/depot-kobold2d/Kobold2D-Master/Kobold2D-1.0/__Kobold2D__/libs/cocos2d-iphone-extensions/Extensions/FilesDownloader/SingleFileDownloader.h:37: warning: Member downloadFailedWithError:(NSString *errorDescription) (function) of class SingleFileDownloaderDelegate-p is not documented.
/depot-kobold2d/Kobold2D-Master/Kobold2D-1.0/__Kobold2D__/libs/cocos2d-iphone-extensions/Extensions/FilesDownloader/SingleFileDownloader.h:38: warning: Member downloadFinished() (function) of class SingleFileDownloaderDelegate-p is not documented.
/depot-kobold2d/Kobold2D-Master/Kobold2D-1.0/__Kobold2D__/libs/cocos2d-iphone-extensions/Extensions/TMXGenerator/TMXGenerator.h:182: warning: Member generateMapXML:(NSError **error) (function) of class TMXGenerator is not documented.
/depot-kobold2d/Kobold2D-Master/Kobold2D-1.0/__Kobold2D__/libs/cocos2d-iphone-extensions/Extensions/TMXGenerator/TMXGenerator.h:159: warning: Member highestGID (variable) of class TMXGenerator is not documented.
/depot-kobold2d/Kobold2D-Master/Kobold2D-1.0/__Kobold2D__/libs/cocos2d-iphone-extensions/Extensions/TMXGenerator/TMXGenerator.h:161: warning: Member tileSets (variable) of class TMXGenerator is not documented.
/depot-kobold2d/Kobold2D-Master/Kobold2D-1.0/__Kobold2D__/libs/cocos2d-iphone-extensions/Extensions/TMXGenerator/TMXGenerator.h:162: warning: Member mapAttributes (variable) of class TMXGenerator is not documented.
/depot-kobold2d/Kobold2D-Master/Kobold2D-1.0/__Kobold2D__/libs/cocos2d-iphone-extensions/Extensions/TMXGenerator/TMXGenerator.h:163: warning: Member objectGroups (variable) of class TMXGenerator is not documented.
/depot-kobold2d/Kobold2D-Master/Kobold2D-1.0/__Kobold2D__/libs/cocos2d-iphone-extensions/Extensions/TMXGenerator/TMXGenerator.h:164: warning: Member layers (variable) of class TMXGenerator is not documented.
/depot-kobold2d/Kobold2D-Master/Kobold2D-1.0/__Kobold2D__/libs/cocos2d-iphone-extensions/Extensions/TMXGenerator/TMXGenerator.h:165: warning: Member path (variable) of class TMXGenerator is not documented.
/depot-kobold2d/Kobold2D-Master/Kobold2D-1.0/__Kobold2D__/libs/cocos2d-iphone-extensions/Extensions/TMXGenerator/TMXGenerator.h:166: warning: Member copiedAtlasNames (variable) of class TMXGenerator is not documented.
/depot-kobold2d/Kobold2D-Master/Kobold2D-1.0/__Kobold2D__/libs/cocos2d-iphone-extensions/Extensions/TMXGenerator/TMXGenerator.h:168: warning: Member delegate_ (variable) of class TMXGenerator is not documented.
/depot-kobold2d/Kobold2D-Master/Kobold2D-1.0/__Kobold2D__/libs/cocos2d-iphone-extensions/Extensions/TMXGenerator/TMXGenerator.h:171: warning: Member delegate (property) of class TMXGenerator is not documented.
/depot-kobold2d/Kobold2D-Master/Kobold2D-1.0/__Kobold2D__/libs/cocos2d-iphone-extensions/Extensions/TMXGenerator/TMXGenerator.h:126: warning: Member tileIdentificationKeyForLayer:(NSString *layerName) (function) of class TMXGeneratorDelegate-p is not documented.
/depot-kobold2d/Kobold2D-Master/Kobold2D-1.0/__Kobold2D__/libs/cocos2d-iphone-extensions/Extensions/TMXGenerator/TMXGenerator.h:139: warning: Member copyAtlasFileForName:(NSString *tilesetName) (function) of class TMXGeneratorDelegate-p is not documented.
/depot-kobold2d/Kobold2D-Master/Kobold2D-1.0/__Kobold2D__/libs/cocos2d-iphone-extensions/Extensions/CCVideoPlayer/iOS/videoOverlayView.h:35: warning: Member _touch (variable) of class VideoOverlayView is not documented.
