/depot-kobold2d/Kobold2D-Master/Kobold2D-1.0/__Kobold2D__/libs/cocos2d-iphone/CocosDenshion/CocosDenshion/CocosDenshion.h:204: warning: Compound CDSoundEngine is not documented.
/depot-kobold2d/Kobold2D-Master/Kobold2D-1.0/__Kobold2D__/libs/cocos2d-iphone/CocosDenshion/CocosDenshion/CDAudioManager.h:57: warning: Compound CDAsynchInitialiser is not documented.
/depot-kobold2d/Kobold2D-Master/Kobold2D-1.0/__Kobold2D__/libs/cocos2d-iphone/CocosDenshion/CocosDenshion/CocosDenshion.h:149: warning: Compound CDAudioTransportProtocol-p is not documented.
/depot-kobold2d/Kobold2D-Master/Kobold2D-1.0/__Kobold2D__/libs/cocos2d-iphone/CocosDenshion/CocosDenshion/CocosDenshion.h:369: warning: Compound CDFloatInterpolator is not documented.
/depot-kobold2d/Kobold2D-Master/Kobold2D-1.0/__Kobold2D__/libs/cocos2d-iphone/CocosDenshion/CocosDenshion/CocosDenshion.h:162: warning: Compound CDAudioInterruptProtocol-p is not documented.
/depot-kobold2d/Kobold2D-Master/Kobold2D-1.0/__Kobold2D__/libs/cocos2d-iphone/CocosDenshion/CocosDenshion/CocosDenshion.h:123: warning: Compound sourceGroup is not documented.
/depot-kobold2d/Kobold2D-Master/Kobold2D-1.0/__Kobold2D__/libs/cocos2d-iphone/CocosDenshion/CocosDenshion/CDAudioManager.h:75: warning: Compound CDLongAudioSourceDelegate-p is not documented.
/depot-kobold2d/Kobold2D-Master/Kobold2D-1.0/__Kobold2D__/libs/cocos2d-iphone/CocosDenshion/CocosDenshionExtras/CDXMacOSXSupport.h:134: warning: Compound AVAudioPlayerDelegate-p is not documented.
/depot-kobold2d/Kobold2D-Master/Kobold2D-1.0/__Kobold2D__/libs/cocos2d-iphone/CocosDenshion/CocosDenshion/CocosDenshion.h:132: warning: Compound bufferInfo is not documented.
/depot-kobold2d/Kobold2D-Master/Kobold2D-1.0/__Kobold2D__/libs/cocos2d-iphone/CocosDenshion/CocosDenshion/CocosDenshion.h:141: warning: Compound sourceInfo is not documented.
/depot-kobold2d/Kobold2D-Master/Kobold2D-1.0/__Kobold2D__/libs/cocos2d-iphone/CocosDenshion/CocosDenshionExtras/CDXMacOSXSupport.h:220: warning: Compound AVAudioSessionDelegate-p is not documented.
/depot-kobold2d/Kobold2D-Master/Kobold2D-1.0/__Kobold2D__/libs/cocos2d-iphone/CocosDenshion/CocosDenshionExtras/CDXMacOSXSupport.h:178: warning: Compound AVAudioSession is not documented.
/depot-kobold2d/Kobold2D-Master/Kobold2D-1.0/__Kobold2D__/libs/cocos2d-iphone/CocosDenshion/CocosDenshionExtras/CDXMacOSXSupport.h:57: warning: Compound AVAudioPlayer is not documented.
/depot-kobold2d/Kobold2D-Master/Kobold2D-1.0/__Kobold2D__/libs/cocos2d-iphone/CocosDenshion/CocosDenshion/CocosDenshion.h:78: warning: Member CDLOG(...) (define) of file CocosDenshion.h is not documented.
/depot-kobold2d/Kobold2D-Master/Kobold2D-1.0/__Kobold2D__/libs/cocos2d-iphone/CocosDenshion/CocosDenshion/CocosDenshion.h:79: warning: Member CDLOGINFO(...) (define) of file CocosDenshion.h is not documented.
/depot-kobold2d/Kobold2D-Master/Kobold2D-1.0/__Kobold2D__/libs/cocos2d-iphone/CocosDenshion/CocosDenshion/CocosDenshion.h:94: warning: Member CD_SOURCE_LIMIT (define) of file CocosDenshion.h is not documented.
/depot-kobold2d/Kobold2D-Master/Kobold2D-1.0/__Kobold2D__/libs/cocos2d-iphone/CocosDenshion/CocosDenshion/CocosDenshion.h:95: warning: Member CD_NO_SOURCE (define) of file CocosDenshion.h is not documented.
/depot-kobold2d/Kobold2D-Master/Kobold2D-1.0/__Kobold2D__/libs/cocos2d-iphone/CocosDenshion/CocosDenshion/CocosDenshion.h:96: warning: Member CD_IGNORE_AUDIO_SESSION (define) of file CocosDenshion.h is not documented.
/depot-kobold2d/Kobold2D-Master/Kobold2D-1.0/__Kobold2D__/libs/cocos2d-iphone/CocosDenshion/CocosDenshion/CocosDenshion.h:97: warning: Member CD_MUTE (define) of file CocosDenshion.h is not documented.
/depot-kobold2d/Kobold2D-Master/Kobold2D-1.0/__Kobold2D__/libs/cocos2d-iphone/CocosDenshion/CocosDenshion/CocosDenshion.h:98: warning: Member CD_NO_SOUND (define) of file CocosDenshion.h is not documented.
/depot-kobold2d/Kobold2D-Master/Kobold2D-1.0/__Kobold2D__/libs/cocos2d-iphone/CocosDenshion/CocosDenshion/CocosDenshion.h:100: warning: Member CD_SAMPLE_RATE_HIGH (define) of file CocosDenshion.h is not documented.
/depot-kobold2d/Kobold2D-Master/Kobold2D-1.0/__Kobold2D__/libs/cocos2d-iphone/CocosDenshion/CocosDenshion/CocosDenshion.h:101: warning: Member CD_SAMPLE_RATE_MID (define) of file CocosDenshion.h is not documented.
/depot-kobold2d/Kobold2D-Master/Kobold2D-1.0/__Kobold2D__/libs/cocos2d-iphone/CocosDenshion/CocosDenshion/CocosDenshion.h:102: warning: Member CD_SAMPLE_RATE_LOW (define) of file CocosDenshion.h is not documented.
/depot-kobold2d/Kobold2D-Master/Kobold2D-1.0/__Kobold2D__/libs/cocos2d-iphone/CocosDenshion/CocosDenshion/CocosDenshion.h:103: warning: Member CD_SAMPLE_RATE_BASIC (define) of file CocosDenshion.h is not documented.
/depot-kobold2d/Kobold2D-Master/Kobold2D-1.0/__Kobold2D__/libs/cocos2d-iphone/CocosDenshion/CocosDenshion/CocosDenshion.h:104: warning: Member CD_SAMPLE_RATE_DEFAULT (define) of file CocosDenshion.h is not documented.
/depot-kobold2d/Kobold2D-Master/Kobold2D-1.0/__Kobold2D__/libs/cocos2d-iphone/CocosDenshion/CocosDenshion/CocosDenshion.h:117: warning: Member bufferState (enumeration) of file CocosDenshion.h is not documented.
/depot-kobold2d/Kobold2D-Master/Kobold2D-1.0/__Kobold2D__/libs/cocos2d-iphone/CocosDenshion/CocosDenshion/CocosDenshion.h:106: warning: Member kCDN_BadAlContext (variable) of file CocosDenshion.h is not documented.
/depot-kobold2d/Kobold2D-Master/Kobold2D-1.0/__Kobold2D__/libs/cocos2d-iphone/CocosDenshion/CocosDenshion/CocosDenshion.h:107: warning: Member kCDN_AsynchLoadComplete (variable) of file CocosDenshion.h is not documented.
/depot-kobold2d/Kobold2D-Master/Kobold2D-1.0/__Kobold2D__/libs/cocos2d-iphone/CocosDenshion/CocosDenshion/CocosDenshion.h:109: warning: Member kCD_PitchDefault (variable) of file CocosDenshion.h is not documented.
/depot-kobold2d/Kobold2D-Master/Kobold2D-1.0/__Kobold2D__/libs/cocos2d-iphone/CocosDenshion/CocosDenshion/CocosDenshion.h:110: warning: Member kCD_PitchLowerOneOctave (variable) of file CocosDenshion.h is not documented.
/depot-kobold2d/Kobold2D-Master/Kobold2D-1.0/__Kobold2D__/libs/cocos2d-iphone/CocosDenshion/CocosDenshion/CocosDenshion.h:111: warning: Member kCD_PitchHigherOneOctave (variable) of file CocosDenshion.h is not documented.
/depot-kobold2d/Kobold2D-Master/Kobold2D-1.0/__Kobold2D__/libs/cocos2d-iphone/CocosDenshion/CocosDenshion/CocosDenshion.h:112: warning: Member kCD_PanDefault (variable) of file CocosDenshion.h is not documented.
/depot-kobold2d/Kobold2D-Master/Kobold2D-1.0/__Kobold2D__/libs/cocos2d-iphone/CocosDenshion/CocosDenshion/CocosDenshion.h:113: warning: Member kCD_PanFullLeft (variable) of file CocosDenshion.h is not documented.
/depot-kobold2d/Kobold2D-Master/Kobold2D-1.0/__Kobold2D__/libs/cocos2d-iphone/CocosDenshion/CocosDenshion/CocosDenshion.h:114: warning: Member kCD_PanFullRight (variable) of file CocosDenshion.h is not documented.
/depot-kobold2d/Kobold2D-Master/Kobold2D-1.0/__Kobold2D__/libs/cocos2d-iphone/CocosDenshion/CocosDenshion/CocosDenshion.h:115: warning: Member kCD_GainDefault (variable) of file CocosDenshion.h is not documented.
/depot-kobold2d/Kobold2D-Master/Kobold2D-1.0/__Kobold2D__/libs/cocos2d-iphone/CocosDenshion/CocosDenshionExtras/CDXMacOSXSupport.h:83: warning: Member initWithContentsOfURL:error:(NSURL *theUrl,[error] NSError **outError) (function) of class AVAudioPlayer is not documented.
/depot-kobold2d/Kobold2D-Master/Kobold2D-1.0/__Kobold2D__/libs/cocos2d-iphone/CocosDenshion/CocosDenshionExtras/CDXMacOSXSupport.h:84: warning: Member initWithData:error:(NSData *theData,[error] NSError **outError) (function) of class AVAudioPlayer is not documented.
/depot-kobold2d/Kobold2D-Master/Kobold2D-1.0/__Kobold2D__/libs/cocos2d-iphone/CocosDenshion/CocosDenshionExtras/CDXMacOSXSupport.h:88: warning: Member prepareToPlay() (function) of class AVAudioPlayer is not documented.
/depot-kobold2d/Kobold2D-Master/Kobold2D-1.0/__Kobold2D__/libs/cocos2d-iphone/CocosDenshion/CocosDenshionExtras/CDXMacOSXSupport.h:89: warning: Member play() (function) of class AVAudioPlayer is not documented.
/depot-kobold2d/Kobold2D-Master/Kobold2D-1.0/__Kobold2D__/libs/cocos2d-iphone/CocosDenshion/CocosDenshionExtras/CDXMacOSXSupport.h:90: warning: Member playAtTime:(NSTimeInterval time) (function) of class AVAudioPlayer is not documented.
/depot-kobold2d/Kobold2D-Master/Kobold2D-1.0/__Kobold2D__/libs/cocos2d-iphone/CocosDenshion/CocosDenshionExtras/CDXMacOSXSupport.h:91: warning: Member pause() (function) of class AVAudioPlayer is not documented.
/depot-kobold2d/Kobold2D-Master/Kobold2D-1.0/__Kobold2D__/libs/cocos2d-iphone/CocosDenshion/CocosDenshionExtras/CDXMacOSXSupport.h:92: warning: Member stop() (function) of class AVAudioPlayer is not documented.
/depot-kobold2d/Kobold2D-Master/Kobold2D-1.0/__Kobold2D__/libs/cocos2d-iphone/CocosDenshion/CocosDenshionExtras/CDXMacOSXSupport.h:127: warning: Member updateMeters() (function) of class AVAudioPlayer is not documented.
/depot-kobold2d/Kobold2D-Master/Kobold2D-1.0/__Kobold2D__/libs/cocos2d-iphone/CocosDenshion/CocosDenshionExtras/CDXMacOSXSupport.h:128: warning: Member peakPowerForChannel:(NSUInteger channelNumber) (function) of class AVAudioPlayer is not documented.
/depot-kobold2d/Kobold2D-Master/Kobold2D-1.0/__Kobold2D__/libs/cocos2d-iphone/CocosDenshion/CocosDenshionExtras/CDXMacOSXSupport.h:129: warning: Member averagePowerForChannel:(NSUInteger channelNumber) (function) of class AVAudioPlayer is not documented.
/depot-kobold2d/Kobold2D-Master/Kobold2D-1.0/__Kobold2D__/libs/cocos2d-iphone/CocosDenshion/CocosDenshionExtras/CDXMacOSXSupport.h:62: warning: Member playing (property) of class AVAudioPlayer is not documented.
/depot-kobold2d/Kobold2D-Master/Kobold2D-1.0/__Kobold2D__/libs/cocos2d-iphone/CocosDenshion/CocosDenshionExtras/CDXMacOSXSupport.h:61: warning: Member numberOfChannels (property) of class AVAudioPlayer is not documented.
/depot-kobold2d/Kobold2D-Master/Kobold2D-1.0/__Kobold2D__/libs/cocos2d-iphone/CocosDenshion/CocosDenshionExtras/CDXMacOSXSupport.h:63: warning: Member duration (property) of class AVAudioPlayer is not documented.
/depot-kobold2d/Kobold2D-Master/Kobold2D-1.0/__Kobold2D__/libs/cocos2d-iphone/CocosDenshion/CocosDenshionExtras/CDXMacOSXSupport.h:60: warning: Member delegate (property) of class AVAudioPlayer is not documented.
/depot-kobold2d/Kobold2D-Master/Kobold2D-1.0/__Kobold2D__/libs/cocos2d-iphone/CocosDenshion/CocosDenshionExtras/CDXMacOSXSupport.h:64: warning: Member url (property) of class AVAudioPlayer is not documented.
/depot-kobold2d/Kobold2D-Master/Kobold2D-1.0/__Kobold2D__/libs/cocos2d-iphone/CocosDenshion/CocosDenshionExtras/CDXMacOSXSupport.h:65: warning: Member data (property) of class AVAudioPlayer is not documented.
/depot-kobold2d/Kobold2D-Master/Kobold2D-1.0/__Kobold2D__/libs/cocos2d-iphone/CocosDenshion/CocosDenshionExtras/CDXMacOSXSupport.h:66: warning: Member pan (property) of class AVAudioPlayer is not documented.
/depot-kobold2d/Kobold2D-Master/Kobold2D-1.0/__Kobold2D__/libs/cocos2d-iphone/CocosDenshion/CocosDenshionExtras/CDXMacOSXSupport.h:67: warning: Member volume (property) of class AVAudioPlayer is not documented.
/depot-kobold2d/Kobold2D-Master/Kobold2D-1.0/__Kobold2D__/libs/cocos2d-iphone/CocosDenshion/CocosDenshionExtras/CDXMacOSXSupport.h:68: warning: Member currentTime (property) of class AVAudioPlayer is not documented.
/depot-kobold2d/Kobold2D-Master/Kobold2D-1.0/__Kobold2D__/libs/cocos2d-iphone/CocosDenshion/CocosDenshionExtras/CDXMacOSXSupport.h:69: warning: Member deviceCurrentTime (property) of class AVAudioPlayer is not documented.
/depot-kobold2d/Kobold2D-Master/Kobold2D-1.0/__Kobold2D__/libs/cocos2d-iphone/CocosDenshion/CocosDenshionExtras/CDXMacOSXSupport.h:70: warning: Member numberOfLoops (property) of class AVAudioPlayer is not documented.
/depot-kobold2d/Kobold2D-Master/Kobold2D-1.0/__Kobold2D__/libs/cocos2d-iphone/CocosDenshion/CocosDenshionExtras/CDXMacOSXSupport.h:71: warning: Member meteringEnabled (property) of class AVAudioPlayer is not documented.
/depot-kobold2d/Kobold2D-Master/Kobold2D-1.0/__Kobold2D__/libs/cocos2d-iphone/CocosDenshion/CocosDenshionExtras/CDXMacOSXSupport.h:137: warning: Member audioPlayerDidFinishPlaying:successfully:(AVAudioPlayer *player,[successfully] BOOL flag) (function) of class AVAudioPlayerDelegate-p is not documented.
/depot-kobold2d/Kobold2D-Master/Kobold2D-1.0/__Kobold2D__/libs/cocos2d-iphone/CocosDenshion/CocosDenshionExtras/CDXMacOSXSupport.h:140: warning: Member audioPlayerDecodeErrorDidOccur:error:(AVAudioPlayer *player,[error] NSError *error) (function) of class AVAudioPlayerDelegate-p is not documented.
/depot-kobold2d/Kobold2D-Master/Kobold2D-1.0/__Kobold2D__/libs/cocos2d-iphone/CocosDenshion/CocosDenshionExtras/CDXMacOSXSupport.h:143: warning: Member audioPlayerBeginInterruption:(AVAudioPlayer *player) (function) of class AVAudioPlayerDelegate-p is not documented.
/depot-kobold2d/Kobold2D-Master/Kobold2D-1.0/__Kobold2D__/libs/cocos2d-iphone/CocosDenshion/CocosDenshionExtras/CDXMacOSXSupport.h:147: warning: Member audioPlayerEndInterruption:withFlags:(AVAudioPlayer *player,[withFlags] NSUInteger flags) (function) of class AVAudioPlayerDelegate-p is not documented.
/depot-kobold2d/Kobold2D-Master/Kobold2D-1.0/__Kobold2D__/libs/cocos2d-iphone/CocosDenshion/CocosDenshionExtras/CDXMacOSXSupport.h:150: warning: Member audioPlayerEndInterruption:(AVAudioPlayer *player) (function) of class AVAudioPlayerDelegate-p is not documented.
/depot-kobold2d/Kobold2D-Master/Kobold2D-1.0/__Kobold2D__/libs/cocos2d-iphone/CocosDenshion/CocosDenshionExtras/CDXMacOSXSupport.h:200: warning: Member setActive:error:(BOOL beActive,[error] NSError **outError) (function) of class AVAudioSession is not documented.
/depot-kobold2d/Kobold2D-Master/Kobold2D-1.0/__Kobold2D__/libs/cocos2d-iphone/CocosDenshion/CocosDenshionExtras/CDXMacOSXSupport.h:201: warning: Member setActive:withFlags:error:(BOOL beActive,[withFlags] NSInteger flags,[error] NSError **outError) (function) of class AVAudioSession is not documented.
/depot-kobold2d/Kobold2D-Master/Kobold2D-1.0/__Kobold2D__/libs/cocos2d-iphone/CocosDenshion/CocosDenshionExtras/CDXMacOSXSupport.h:203: warning: Member setCategory:error:(NSString *theCategory,[error] NSError **outError) (function) of class AVAudioSession is not documented.
/depot-kobold2d/Kobold2D-Master/Kobold2D-1.0/__Kobold2D__/libs/cocos2d-iphone/CocosDenshion/CocosDenshionExtras/CDXMacOSXSupport.h:204: warning: Member setPreferredHardwareSampleRate:error:(double sampleRate,[error] NSError **outError) (function) of class AVAudioSession is not documented.
/depot-kobold2d/Kobold2D-Master/Kobold2D-1.0/__Kobold2D__/libs/cocos2d-iphone/CocosDenshion/CocosDenshionExtras/CDXMacOSXSupport.h:205: warning: Member setPreferredIOBufferDuration:error:(NSTimeInterval duration,[error] NSError **outError) (function) of class AVAudioSession is not documented.
/depot-kobold2d/Kobold2D-Master/Kobold2D-1.0/__Kobold2D__/libs/cocos2d-iphone/CocosDenshion/CocosDenshionExtras/CDXMacOSXSupport.h:196: warning: Member sharedInstance() (function) of class AVAudioSession is not documented.
/depot-kobold2d/Kobold2D-Master/Kobold2D-1.0/__Kobold2D__/libs/cocos2d-iphone/CocosDenshion/CocosDenshionExtras/CDXMacOSXSupport.h:189: warning: Member delegate (property) of class AVAudioSession is not documented.
/depot-kobold2d/Kobold2D-Master/Kobold2D-1.0/__Kobold2D__/libs/cocos2d-iphone/CocosDenshion/CocosDenshionExtras/CDXMacOSXSupport.h:181: warning: Member category (property) of class AVAudioSession is not documented.
/depot-kobold2d/Kobold2D-Master/Kobold2D-1.0/__Kobold2D__/libs/cocos2d-iphone/CocosDenshion/CocosDenshionExtras/CDXMacOSXSupport.h:182: warning: Member preferredHardwareSampleRate (property) of class AVAudioSession is not documented.
/depot-kobold2d/Kobold2D-Master/Kobold2D-1.0/__Kobold2D__/libs/cocos2d-iphone/CocosDenshion/CocosDenshionExtras/CDXMacOSXSupport.h:183: warning: Member preferredIOBufferDuration (property) of class AVAudioSession is not documented.
/depot-kobold2d/Kobold2D-Master/Kobold2D-1.0/__Kobold2D__/libs/cocos2d-iphone/CocosDenshion/CocosDenshionExtras/CDXMacOSXSupport.h:185: warning: Member inputIsAvailable (property) of class AVAudioSession is not documented.
/depot-kobold2d/Kobold2D-Master/Kobold2D-1.0/__Kobold2D__/libs/cocos2d-iphone/CocosDenshion/CocosDenshionExtras/CDXMacOSXSupport.h:186: warning: Member currentHardwareSampleRate (property) of class AVAudioSession is not documented.
/depot-kobold2d/Kobold2D-Master/Kobold2D-1.0/__Kobold2D__/libs/cocos2d-iphone/CocosDenshion/CocosDenshionExtras/CDXMacOSXSupport.h:187: warning: Member currentHardwareInputNumberOfChannels (property) of class AVAudioSession is not documented.
/depot-kobold2d/Kobold2D-Master/Kobold2D-1.0/__Kobold2D__/libs/cocos2d-iphone/CocosDenshion/CocosDenshionExtras/CDXMacOSXSupport.h:188: warning: Member currentHardwareOutputNumberOfChannels (property) of class AVAudioSession is not documented.
/depot-kobold2d/Kobold2D-Master/Kobold2D-1.0/__Kobold2D__/libs/cocos2d-iphone/CocosDenshion/CocosDenshionExtras/CDXMacOSXSupport.h:223: warning: Member beginInterruption() (function) of class AVAudioSessionDelegate-p is not documented.
/depot-kobold2d/Kobold2D-Master/Kobold2D-1.0/__Kobold2D__/libs/cocos2d-iphone/CocosDenshion/CocosDenshionExtras/CDXMacOSXSupport.h:225: warning: Member endInterruptionWithFlags:(NSUInteger flags) (function) of class AVAudioSessionDelegate-p is not documented.
/depot-kobold2d/Kobold2D-Master/Kobold2D-1.0/__Kobold2D__/libs/cocos2d-iphone/CocosDenshion/CocosDenshionExtras/CDXMacOSXSupport.h:227: warning: Member endInterruption() (function) of class AVAudioSessionDelegate-p is not documented.
/depot-kobold2d/Kobold2D-Master/Kobold2D-1.0/__Kobold2D__/libs/cocos2d-iphone/CocosDenshion/CocosDenshionExtras/CDXMacOSXSupport.h:229: warning: Member inputIsAvailableChanged:(BOOL isInputAvailable) (function) of class AVAudioSessionDelegate-p is not documented.
/depot-kobold2d/Kobold2D-Master/Kobold2D-1.0/__Kobold2D__/libs/cocos2d-iphone/CocosDenshion/CocosDenshion/CocosDenshion.h:133: warning: Member bufferId (variable) of class bufferInfo is not documented.
/depot-kobold2d/Kobold2D-Master/Kobold2D-1.0/__Kobold2D__/libs/cocos2d-iphone/CocosDenshion/CocosDenshion/CocosDenshion.h:134: warning: Member bufferState (variable) of class bufferInfo is not documented.
/depot-kobold2d/Kobold2D-Master/Kobold2D-1.0/__Kobold2D__/libs/cocos2d-iphone/CocosDenshion/CocosDenshion/CocosDenshion.h:135: warning: Member bufferData (variable) of class bufferInfo is not documented.
/depot-kobold2d/Kobold2D-Master/Kobold2D-1.0/__Kobold2D__/libs/cocos2d-iphone/CocosDenshion/CocosDenshion/CocosDenshion.h:136: warning: Member format (variable) of class bufferInfo is not documented.
/depot-kobold2d/Kobold2D-Master/Kobold2D-1.0/__Kobold2D__/libs/cocos2d-iphone/CocosDenshion/CocosDenshion/CocosDenshion.h:137: warning: Member sizeInBytes (variable) of class bufferInfo is not documented.
/depot-kobold2d/Kobold2D-Master/Kobold2D-1.0/__Kobold2D__/libs/cocos2d-iphone/CocosDenshion/CocosDenshion/CocosDenshion.h:138: warning: Member frequencyInHertz (variable) of class bufferInfo is not documented.
/depot-kobold2d/Kobold2D-Master/Kobold2D-1.0/__Kobold2D__/libs/cocos2d-iphone/CocosDenshion/CocosDenshion/CocosDenshion.h:340: warning: Member init:soundEngine:(NSArray *loadRequests,[soundEngine] CDSoundEngine *theSoundEngine) (function) of class CDAsynchBufferLoader is not documented.
/depot-kobold2d/Kobold2D-Master/Kobold2D-1.0/__Kobold2D__/libs/cocos2d-iphone/CocosDenshion/CocosDenshion/CocosDenshion.h:336: warning: Member _loadRequests (variable) of class CDAsynchBufferLoader is not documented.
/depot-kobold2d/Kobold2D-Master/Kobold2D-1.0/__Kobold2D__/libs/cocos2d-iphone/CocosDenshion/CocosDenshion/CocosDenshion.h:337: warning: Member _soundEngine (variable) of class CDAsynchBufferLoader is not documented.
/depot-kobold2d/Kobold2D-Master/Kobold2D-1.0/__Kobold2D__/libs/cocos2d-iphone/CocosDenshion/CocosDenshion/CocosDenshion.h:327: warning: Member addAudioInterruptTarget:(NSObject< CDAudioInterruptProtocol > *interruptibleTarget) (function) of class CDAudioInterruptTargetGroup is not documented.
/depot-kobold2d/Kobold2D-Master/Kobold2D-1.0/__Kobold2D__/libs/cocos2d-iphone/CocosDenshion/CocosDenshion/CocosDenshion.h:323: warning: Member mute_ (variable) of class CDAudioInterruptTargetGroup is not documented.
/depot-kobold2d/Kobold2D-Master/Kobold2D-1.0/__Kobold2D__/libs/cocos2d-iphone/CocosDenshion/CocosDenshion/CocosDenshion.h:324: warning: Member enabled_ (variable) of class CDAudioInterruptTargetGroup is not documented.
/depot-kobold2d/Kobold2D-Master/Kobold2D-1.0/__Kobold2D__/libs/cocos2d-iphone/CocosDenshion/CocosDenshion/CocosDenshion.h:325: warning: Member children_ (variable) of class CDAudioInterruptTargetGroup is not documented.
/depot-kobold2d/Kobold2D-Master/Kobold2D-1.0/__Kobold2D__/libs/cocos2d-iphone/CocosDenshion/CocosDenshion/CDAudioManager.h:179: warning: Member audioSessionInterrupted() (function) of class CDAudioManager is not documented.
/depot-kobold2d/Kobold2D-Master/Kobold2D-1.0/__Kobold2D__/libs/cocos2d-iphone/CocosDenshion/CocosDenshion/CDAudioManager.h:180: warning: Member audioSessionResumed() (function) of class CDAudioManager is not documented.
/depot-kobold2d/Kobold2D-Master/Kobold2D-1.0/__Kobold2D__/libs/cocos2d-iphone/CocosDenshion/CocosDenshion/CDAudioManager.h:181: warning: Member setResignBehavior:autoHandle:(tAudioManagerResignBehavior resignBehavior,[autoHandle] BOOL autoHandle) (function) of class CDAudioManager is not documented.
/depot-kobold2d/Kobold2D-Master/Kobold2D-1.0/__Kobold2D__/libs/cocos2d-iphone/CocosDenshion/CocosDenshion/CDAudioManager.h:220: warning: Member setBackgroundMusicCompletionListener:selector:(id listener,[selector] SEL selector) (function) of class CDAudioManager is not documented.
/depot-kobold2d/Kobold2D-Master/Kobold2D-1.0/__Kobold2D__/libs/cocos2d-iphone/CocosDenshion/CocosDenshion/CDAudioManager.h:172: warning: Member sharedManagerState() (function) of class CDAudioManager is not documented.
/depot-kobold2d/Kobold2D-Master/Kobold2D-1.0/__Kobold2D__/libs/cocos2d-iphone/CocosDenshion/CocosDenshion/CDAudioManager.h:148: warning: Member audioSourceChannels (variable) of class CDAudioManager is not documented.
/depot-kobold2d/Kobold2D-Master/Kobold2D-1.0/__Kobold2D__/libs/cocos2d-iphone/CocosDenshion/CocosDenshion/CDAudioManager.h:149: warning: Member _audioSessionCategory (variable) of class CDAudioManager is not documented.
/depot-kobold2d/Kobold2D-Master/Kobold2D-1.0/__Kobold2D__/libs/cocos2d-iphone/CocosDenshion/CocosDenshion/CDAudioManager.h:150: warning: Member _audioWasPlayingAtStartup (variable) of class CDAudioManager is not documented.
/depot-kobold2d/Kobold2D-Master/Kobold2D-1.0/__Kobold2D__/libs/cocos2d-iphone/CocosDenshion/CocosDenshion/CDAudioManager.h:151: warning: Member _mode (variable) of class CDAudioManager is not documented.
/depot-kobold2d/Kobold2D-Master/Kobold2D-1.0/__Kobold2D__/libs/cocos2d-iphone/CocosDenshion/CocosDenshion/CDAudioManager.h:152: warning: Member backgroundMusicCompletionSelector (variable) of class CDAudioManager is not documented.
/depot-kobold2d/Kobold2D-Master/Kobold2D-1.0/__Kobold2D__/libs/cocos2d-iphone/CocosDenshion/CocosDenshion/CDAudioManager.h:153: warning: Member backgroundMusicCompletionListener (variable) of class CDAudioManager is not documented.
/depot-kobold2d/Kobold2D-Master/Kobold2D-1.0/__Kobold2D__/libs/cocos2d-iphone/CocosDenshion/CocosDenshion/CDAudioManager.h:155: warning: Member _mute (variable) of class CDAudioManager is not documented.
/depot-kobold2d/Kobold2D-Master/Kobold2D-1.0/__Kobold2D__/libs/cocos2d-iphone/CocosDenshion/CocosDenshion/CDAudioManager.h:156: warning: Member _resigned (variable) of class CDAudioManager is not documented.
/depot-kobold2d/Kobold2D-Master/Kobold2D-1.0/__Kobold2D__/libs/cocos2d-iphone/CocosDenshion/CocosDenshion/CDAudioManager.h:157: warning: Member _interrupted (variable) of class CDAudioManager is not documented.
/depot-kobold2d/Kobold2D-Master/Kobold2D-1.0/__Kobold2D__/libs/cocos2d-iphone/CocosDenshion/CocosDenshion/CDAudioManager.h:158: warning: Member _audioSessionActive (variable) of class CDAudioManager is not documented.
/depot-kobold2d/Kobold2D-Master/Kobold2D-1.0/__Kobold2D__/libs/cocos2d-iphone/CocosDenshion/CocosDenshion/CDAudioManager.h:159: warning: Member enabled_ (variable) of class CDAudioManager is not documented.
/depot-kobold2d/Kobold2D-Master/Kobold2D-1.0/__Kobold2D__/libs/cocos2d-iphone/CocosDenshion/CocosDenshion/CDAudioManager.h:162: warning: Member _isObservingAppEvents (variable) of class CDAudioManager is not documented.
/depot-kobold2d/Kobold2D-Master/Kobold2D-1.0/__Kobold2D__/libs/cocos2d-iphone/CocosDenshion/CocosDenshion/CDAudioManager.h:163: warning: Member _resignBehavior (variable) of class CDAudioManager is not documented.
/depot-kobold2d/Kobold2D-Master/Kobold2D-1.0/__Kobold2D__/libs/cocos2d-iphone/CocosDenshion/CocosDenshion/CDAudioManager.h:146: warning: Member soundEngine (property) of class CDAudioManager is not documented.
/depot-kobold2d/Kobold2D-Master/Kobold2D-1.0/__Kobold2D__/libs/cocos2d-iphone/CocosDenshion/CocosDenshion/CDAudioManager.h:147: warning: Member backgroundMusic (property) of class CDAudioManager is not documented.
/depot-kobold2d/Kobold2D-Master/Kobold2D-1.0/__Kobold2D__/libs/cocos2d-iphone/CocosDenshion/CocosDenshion/CDAudioManager.h:154: warning: Member willPlayBackgroundMusic (property) of class CDAudioManager is not documented.
/depot-kobold2d/Kobold2D-Master/Kobold2D-1.0/__Kobold2D__/libs/cocos2d-iphone/CocosDenshion/CocosDenshion/CocosDenshion.h:357: warning: Member init:filePath:(int theSoundId,[filePath] const NSString *theFilePath) (function) of class CDBufferLoadRequest is not documented.
/depot-kobold2d/Kobold2D-Master/Kobold2D-1.0/__Kobold2D__/libs/cocos2d-iphone/CocosDenshion/CocosDenshion/CocosDenshion.h:349: warning: Member filePath (property) of class CDBufferLoadRequest is not documented.
/depot-kobold2d/Kobold2D-Master/Kobold2D-1.0/__Kobold2D__/libs/cocos2d-iphone/CocosDenshion/CocosDenshion/CocosDenshion.h:350: warning: Member soundId (property) of class CDBufferLoadRequest is not documented.
/depot-kobold2d/Kobold2D-Master/Kobold2D-1.0/__Kobold2D__/libs/cocos2d-iphone/CocosDenshion/CocosDenshion/CDAudioManager.h:238: warning: Member initWithEngine:(CDSoundEngine *theSoundEngine) (function) of class CDBufferManager is not documented.
/depot-kobold2d/Kobold2D-Master/Kobold2D-1.0/__Kobold2D__/libs/cocos2d-iphone/CocosDenshion/CocosDenshion/CDAudioManager.h:239: warning: Member bufferForFile:create:(NSString *filePath,[create] BOOL create) (function) of class CDBufferManager is not documented.
/depot-kobold2d/Kobold2D-Master/Kobold2D-1.0/__Kobold2D__/libs/cocos2d-iphone/CocosDenshion/CocosDenshion/CDAudioManager.h:240: warning: Member releaseBufferForFile:(NSString *filePath) (function) of class CDBufferManager is not documented.
/depot-kobold2d/Kobold2D-Master/Kobold2D-1.0/__Kobold2D__/libs/cocos2d-iphone/CocosDenshion/CocosDenshion/CDAudioManager.h:232: warning: Member loadedBuffers (variable) of class CDBufferManager is not documented.
/depot-kobold2d/Kobold2D-Master/Kobold2D-1.0/__Kobold2D__/libs/cocos2d-iphone/CocosDenshion/CocosDenshion/CDAudioManager.h:233: warning: Member freedBuffers (variable) of class CDBufferManager is not documented.
/depot-kobold2d/Kobold2D-Master/Kobold2D-1.0/__Kobold2D__/libs/cocos2d-iphone/CocosDenshion/CocosDenshion/CDAudioManager.h:234: warning: Member soundEngine (variable) of class CDBufferManager is not documented.
/depot-kobold2d/Kobold2D-Master/Kobold2D-1.0/__Kobold2D__/libs/cocos2d-iphone/CocosDenshion/CocosDenshion/CDAudioManager.h:235: warning: Member nextBufferId (variable) of class CDBufferManager is not documented.
/depot-kobold2d/Kobold2D-Master/Kobold2D-1.0/__Kobold2D__/libs/cocos2d-iphone/CocosDenshion/CocosDenshion/CocosDenshion.h:382: warning: Member init:startVal:endVal:(tCDInterpolationType type,[startVal] float startVal,[endVal] float endVal) (function) of class CDFloatInterpolator is not documented.
/depot-kobold2d/Kobold2D-Master/Kobold2D-1.0/__Kobold2D__/libs/cocos2d-iphone/CocosDenshion/CocosDenshion/CocosDenshion.h:372: warning: Member lastValue (variable) of class CDFloatInterpolator is not documented.
/depot-kobold2d/Kobold2D-Master/Kobold2D-1.0/__Kobold2D__/libs/cocos2d-iphone/CocosDenshion/CocosDenshion/CocosDenshion.h:370: warning: Member start (property) of class CDFloatInterpolator is not documented.
/depot-kobold2d/Kobold2D-Master/Kobold2D-1.0/__Kobold2D__/libs/cocos2d-iphone/CocosDenshion/CocosDenshion/CocosDenshion.h:371: warning: Member end (property) of class CDFloatInterpolator is not documented.
/depot-kobold2d/Kobold2D-Master/Kobold2D-1.0/__Kobold2D__/libs/cocos2d-iphone/CocosDenshion/CocosDenshion/CocosDenshion.h:373: warning: Member interpolationType (property) of class CDFloatInterpolator is not documented.
/depot-kobold2d/Kobold2D-Master/Kobold2D-1.0/__Kobold2D__/libs/cocos2d-iphone/CocosDenshion/CocosDenshion/CDAudioManager.h:102: warning: Member systemPaused (variable) of class CDLongAudioSource is not documented.
/depot-kobold2d/Kobold2D-Master/Kobold2D-1.0/__Kobold2D__/libs/cocos2d-iphone/CocosDenshion/CocosDenshion/CDAudioManager.h:103: warning: Member systemPauseLocation (variable) of class CDLongAudioSource is not documented.
/depot-kobold2d/Kobold2D-Master/Kobold2D-1.0/__Kobold2D__/libs/cocos2d-iphone/CocosDenshion/CocosDenshion/CDAudioManager.h:98: warning: Member mute (variable) of class CDLongAudioSource is not documented.
/depot-kobold2d/Kobold2D-Master/Kobold2D-1.0/__Kobold2D__/libs/cocos2d-iphone/CocosDenshion/CocosDenshion/CDAudioManager.h:99: warning: Member enabled_ (variable) of class CDLongAudioSource is not documented.
/depot-kobold2d/Kobold2D-Master/Kobold2D-1.0/__Kobold2D__/libs/cocos2d-iphone/CocosDenshion/CocosDenshion/CDAudioManager.h:105: warning: Member state (variable) of class CDLongAudioSource is not documented.
/depot-kobold2d/Kobold2D-Master/Kobold2D-1.0/__Kobold2D__/libs/cocos2d-iphone/CocosDenshion/CocosDenshion/CDAudioManager.h:93: warning: Member audioSourcePlayer (property) of class CDLongAudioSource is not documented.
/depot-kobold2d/Kobold2D-Master/Kobold2D-1.0/__Kobold2D__/libs/cocos2d-iphone/CocosDenshion/CocosDenshion/CDAudioManager.h:94: warning: Member audioSourceFilePath (property) of class CDLongAudioSource is not documented.
/depot-kobold2d/Kobold2D-Master/Kobold2D-1.0/__Kobold2D__/libs/cocos2d-iphone/CocosDenshion/CocosDenshion/CDAudioManager.h:95: warning: Member numberOfLoops (property) of class CDLongAudioSource is not documented.
/depot-kobold2d/Kobold2D-Master/Kobold2D-1.0/__Kobold2D__/libs/cocos2d-iphone/CocosDenshion/CocosDenshion/CDAudioManager.h:96: warning: Member volume (property) of class CDLongAudioSource is not documented.
/depot-kobold2d/Kobold2D-Master/Kobold2D-1.0/__Kobold2D__/libs/cocos2d-iphone/CocosDenshion/CocosDenshion/CDAudioManager.h:97: warning: Member delegate (property) of class CDLongAudioSource is not documented.
/depot-kobold2d/Kobold2D-Master/Kobold2D-1.0/__Kobold2D__/libs/cocos2d-iphone/CocosDenshion/CocosDenshion/CDAudioManager.h:100: warning: Member backgroundMusic (property) of class CDLongAudioSource is not documented.
/depot-kobold2d/Kobold2D-Master/Kobold2D-1.0/__Kobold2D__/libs/cocos2d-iphone/CocosDenshion/CocosDenshion/CocosDenshion.h:403: warning: Member init:interpolationType:startVal:endVal:(id theTarget,[interpolationType] tCDInterpolationType type,[startVal] float startVal,[endVal] float endVal) (function) of class CDPropertyModifier is not documented.
/depot-kobold2d/Kobold2D-Master/Kobold2D-1.0/__Kobold2D__/libs/cocos2d-iphone/CocosDenshion/CocosDenshion/CocosDenshion.h:407: warning: Member _setTargetProperty:(float newVal) (function) of class CDPropertyModifier is not documented.
/depot-kobold2d/Kobold2D-Master/Kobold2D-1.0/__Kobold2D__/libs/cocos2d-iphone/CocosDenshion/CocosDenshion/CocosDenshion.h:408: warning: Member _getTargetProperty() (function) of class CDPropertyModifier is not documented.
/depot-kobold2d/Kobold2D-Master/Kobold2D-1.0/__Kobold2D__/libs/cocos2d-iphone/CocosDenshion/CocosDenshion/CocosDenshion.h:409: warning: Member _stopTarget() (function) of class CDPropertyModifier is not documented.
/depot-kobold2d/Kobold2D-Master/Kobold2D-1.0/__Kobold2D__/libs/cocos2d-iphone/CocosDenshion/CocosDenshion/CocosDenshion.h:410: warning: Member _allowableType() (function) of class CDPropertyModifier is not documented.
/depot-kobold2d/Kobold2D-Master/Kobold2D-1.0/__Kobold2D__/libs/cocos2d-iphone/CocosDenshion/CocosDenshion/CocosDenshion.h:391: warning: Member interpolator (variable) of class CDPropertyModifier is not documented.
/depot-kobold2d/Kobold2D-Master/Kobold2D-1.0/__Kobold2D__/libs/cocos2d-iphone/CocosDenshion/CocosDenshion/CocosDenshion.h:394: warning: Member target (variable) of class CDPropertyModifier is not documented.
/depot-kobold2d/Kobold2D-Master/Kobold2D-1.0/__Kobold2D__/libs/cocos2d-iphone/CocosDenshion/CocosDenshion/CocosDenshion.h:395: warning: Member stopTargetWhenComplete (property) of class CDPropertyModifier is not documented.
/depot-kobold2d/Kobold2D-Master/Kobold2D-1.0/__Kobold2D__/libs/cocos2d-iphone/CocosDenshion/CocosDenshion/CocosDenshion.h:392: warning: Member startValue (property) of class CDPropertyModifier is not documented.
/depot-kobold2d/Kobold2D-Master/Kobold2D-1.0/__Kobold2D__/libs/cocos2d-iphone/CocosDenshion/CocosDenshion/CocosDenshion.h:393: warning: Member endValue (property) of class CDPropertyModifier is not documented.
/depot-kobold2d/Kobold2D-Master/Kobold2D-1.0/__Kobold2D__/libs/cocos2d-iphone/CocosDenshion/CocosDenshion/CocosDenshion.h:401: warning: Member interpolationType (property) of class CDPropertyModifier is not documented.
/depot-kobold2d/Kobold2D-Master/Kobold2D-1.0/__Kobold2D__/libs/cocos2d-iphone/CocosDenshion/CocosDenshion/CocosDenshion.h:258: warning: Member defineSourceGroups:(NSArray *sourceGroupDefinitions) (function) of class CDSoundEngine is not documented.
/depot-kobold2d/Kobold2D-Master/Kobold2D-1.0/__Kobold2D__/libs/cocos2d-iphone/CocosDenshion/CocosDenshion/CocosDenshion.h:259: warning: Member defineSourceGroups:total:(int[] sourceGroupDefinitions,[total] NSUInteger total) (function) of class CDSoundEngine is not documented.
/depot-kobold2d/Kobold2D-Master/Kobold2D-1.0/__Kobold2D__/libs/cocos2d-iphone/CocosDenshion/CocosDenshion/CocosDenshion.h:260: warning: Member setSourceGroupNonInterruptible:isNonInterruptible:(int sourceGroupId,[isNonInterruptible] BOOL isNonInterruptible) (function) of class CDSoundEngine is not documented.
/depot-kobold2d/Kobold2D-Master/Kobold2D-1.0/__Kobold2D__/libs/cocos2d-iphone/CocosDenshion/CocosDenshion/CocosDenshion.h:261: warning: Member setSourceGroupEnabled:enabled:(int sourceGroupId,[enabled] BOOL enabled) (function) of class CDSoundEngine is not documented.
/depot-kobold2d/Kobold2D-Master/Kobold2D-1.0/__Kobold2D__/libs/cocos2d-iphone/CocosDenshion/CocosDenshion/CocosDenshion.h:262: warning: Member sourceGroupEnabled:(int sourceGroupId) (function) of class CDSoundEngine is not documented.
/depot-kobold2d/Kobold2D-Master/Kobold2D-1.0/__Kobold2D__/libs/cocos2d-iphone/CocosDenshion/CocosDenshion/CocosDenshion.h:263: warning: Member loadBufferFromData:soundData:format:size:freq:(int soundId,[soundData] ALvoid *soundData,[format] ALenum format,[size] ALsizei size,[freq] ALsizei freq) (function) of class CDSoundEngine is not documented.
/depot-kobold2d/Kobold2D-Master/Kobold2D-1.0/__Kobold2D__/libs/cocos2d-iphone/CocosDenshion/CocosDenshion/CocosDenshion.h:264: warning: Member loadBuffer:filePath:(int soundId,[filePath] NSString *filePath) (function) of class CDSoundEngine is not documented.
/depot-kobold2d/Kobold2D-Master/Kobold2D-1.0/__Kobold2D__/libs/cocos2d-iphone/CocosDenshion/CocosDenshion/CocosDenshion.h:265: warning: Member loadBuffersAsynchronously:(NSArray *loadRequests) (function) of class CDSoundEngine is not documented.
/depot-kobold2d/Kobold2D-Master/Kobold2D-1.0/__Kobold2D__/libs/cocos2d-iphone/CocosDenshion/CocosDenshion/CocosDenshion.h:266: warning: Member unloadBuffer:(int soundId) (function) of class CDSoundEngine is not documented.
/depot-kobold2d/Kobold2D-Master/Kobold2D-1.0/__Kobold2D__/libs/cocos2d-iphone/CocosDenshion/CocosDenshion/CocosDenshion.h:267: warning: Member openALContext() (function) of class CDSoundEngine is not documented.
/depot-kobold2d/Kobold2D-Master/Kobold2D-1.0/__Kobold2D__/libs/cocos2d-iphone/CocosDenshion/CocosDenshion/CocosDenshion.h:206: warning: Member _buffers (variable) of class CDSoundEngine is not documented.
/depot-kobold2d/Kobold2D-Master/Kobold2D-1.0/__Kobold2D__/libs/cocos2d-iphone/CocosDenshion/CocosDenshion/CocosDenshion.h:207: warning: Member _sources (variable) of class CDSoundEngine is not documented.
/depot-kobold2d/Kobold2D-Master/Kobold2D-1.0/__Kobold2D__/libs/cocos2d-iphone/CocosDenshion/CocosDenshion/CocosDenshion.h:208: warning: Member _sourceGroups (variable) of class CDSoundEngine is not documented.
/depot-kobold2d/Kobold2D-Master/Kobold2D-1.0/__Kobold2D__/libs/cocos2d-iphone/CocosDenshion/CocosDenshion/CocosDenshion.h:209: warning: Member context (variable) of class CDSoundEngine is not documented.
/depot-kobold2d/Kobold2D-Master/Kobold2D-1.0/__Kobold2D__/libs/cocos2d-iphone/CocosDenshion/CocosDenshion/CocosDenshion.h:210: warning: Member _sourceGroupTotal (variable) of class CDSoundEngine is not documented.
/depot-kobold2d/Kobold2D-Master/Kobold2D-1.0/__Kobold2D__/libs/cocos2d-iphone/CocosDenshion/CocosDenshion/CocosDenshion.h:211: warning: Member _audioSessionCategory (variable) of class CDSoundEngine is not documented.
/depot-kobold2d/Kobold2D-Master/Kobold2D-1.0/__Kobold2D__/libs/cocos2d-iphone/CocosDenshion/CocosDenshion/CocosDenshion.h:212: warning: Member _handleAudioSession (variable) of class CDSoundEngine is not documented.
/depot-kobold2d/Kobold2D-Master/Kobold2D-1.0/__Kobold2D__/libs/cocos2d-iphone/CocosDenshion/CocosDenshion/CocosDenshion.h:213: warning: Member _preMuteGain (variable) of class CDSoundEngine is not documented.
/depot-kobold2d/Kobold2D-Master/Kobold2D-1.0/__Kobold2D__/libs/cocos2d-iphone/CocosDenshion/CocosDenshion/CocosDenshion.h:214: warning: Member _mutexBufferLoad (variable) of class CDSoundEngine is not documented.
/depot-kobold2d/Kobold2D-Master/Kobold2D-1.0/__Kobold2D__/libs/cocos2d-iphone/CocosDenshion/CocosDenshion/CocosDenshion.h:215: warning: Member mute_ (variable) of class CDSoundEngine is not documented.
/depot-kobold2d/Kobold2D-Master/Kobold2D-1.0/__Kobold2D__/libs/cocos2d-iphone/CocosDenshion/CocosDenshion/CocosDenshion.h:216: warning: Member enabled_ (variable) of class CDSoundEngine is not documented.
/depot-kobold2d/Kobold2D-Master/Kobold2D-1.0/__Kobold2D__/libs/cocos2d-iphone/CocosDenshion/CocosDenshion/CocosDenshion.h:218: warning: Member lastErrorCode_ (variable) of class CDSoundEngine is not documented.
/depot-kobold2d/Kobold2D-Master/Kobold2D-1.0/__Kobold2D__/libs/cocos2d-iphone/CocosDenshion/CocosDenshion/CocosDenshion.h:219: warning: Member functioning_ (variable) of class CDSoundEngine is not documented.
/depot-kobold2d/Kobold2D-Master/Kobold2D-1.0/__Kobold2D__/libs/cocos2d-iphone/CocosDenshion/CocosDenshion/CocosDenshion.h:220: warning: Member asynchLoadProgress_ (variable) of class CDSoundEngine is not documented.
/depot-kobold2d/Kobold2D-Master/Kobold2D-1.0/__Kobold2D__/libs/cocos2d-iphone/CocosDenshion/CocosDenshion/CocosDenshion.h:221: warning: Member getGainWorks_ (variable) of class CDSoundEngine is not documented.
/depot-kobold2d/Kobold2D-Master/Kobold2D-1.0/__Kobold2D__/libs/cocos2d-iphone/CocosDenshion/CocosDenshion/CocosDenshion.h:224: warning: Member sourceTotal_ (variable) of class CDSoundEngine is not documented.
/depot-kobold2d/Kobold2D-Master/Kobold2D-1.0/__Kobold2D__/libs/cocos2d-iphone/CocosDenshion/CocosDenshion/CocosDenshion.h:225: warning: Member bufferTotal (variable) of class CDSoundEngine is not documented.
/depot-kobold2d/Kobold2D-Master/Kobold2D-1.0/__Kobold2D__/libs/cocos2d-iphone/CocosDenshion/CocosDenshion/CocosDenshion.h:229: warning: Member masterGain (property) of class CDSoundEngine is not documented.
/depot-kobold2d/Kobold2D-Master/Kobold2D-1.0/__Kobold2D__/libs/cocos2d-iphone/CocosDenshion/CocosDenshion/CocosDenshion.h:230: warning: Member lastErrorCode (property) of class CDSoundEngine is not documented.
/depot-kobold2d/Kobold2D-Master/Kobold2D-1.0/__Kobold2D__/libs/cocos2d-iphone/CocosDenshion/CocosDenshion/CocosDenshion.h:231: warning: Member functioning (property) of class CDSoundEngine is not documented.
/depot-kobold2d/Kobold2D-Master/Kobold2D-1.0/__Kobold2D__/libs/cocos2d-iphone/CocosDenshion/CocosDenshion/CocosDenshion.h:232: warning: Member asynchLoadProgress (property) of class CDSoundEngine is not documented.
/depot-kobold2d/Kobold2D-Master/Kobold2D-1.0/__Kobold2D__/libs/cocos2d-iphone/CocosDenshion/CocosDenshion/CocosDenshion.h:233: warning: Member getGainWorks (property) of class CDSoundEngine is not documented.
/depot-kobold2d/Kobold2D-Master/Kobold2D-1.0/__Kobold2D__/libs/cocos2d-iphone/CocosDenshion/CocosDenshion/CocosDenshion.h:292: warning: Member _sourceId (variable) of class CDSoundSource is not documented.
/depot-kobold2d/Kobold2D-Master/Kobold2D-1.0/__Kobold2D__/libs/cocos2d-iphone/CocosDenshion/CocosDenshion/CocosDenshion.h:293: warning: Member _sourceIndex (variable) of class CDSoundSource is not documented.
/depot-kobold2d/Kobold2D-Master/Kobold2D-1.0/__Kobold2D__/libs/cocos2d-iphone/CocosDenshion/CocosDenshion/CocosDenshion.h:294: warning: Member _engine (variable) of class CDSoundSource is not documented.
/depot-kobold2d/Kobold2D-Master/Kobold2D-1.0/__Kobold2D__/libs/cocos2d-iphone/CocosDenshion/CocosDenshion/CocosDenshion.h:295: warning: Member _soundId (variable) of class CDSoundSource is not documented.
/depot-kobold2d/Kobold2D-Master/Kobold2D-1.0/__Kobold2D__/libs/cocos2d-iphone/CocosDenshion/CocosDenshion/CocosDenshion.h:296: warning: Member _preMuteGain (variable) of class CDSoundSource is not documented.
/depot-kobold2d/Kobold2D-Master/Kobold2D-1.0/__Kobold2D__/libs/cocos2d-iphone/CocosDenshion/CocosDenshion/CocosDenshion.h:297: warning: Member enabled_ (variable) of class CDSoundSource is not documented.
/depot-kobold2d/Kobold2D-Master/Kobold2D-1.0/__Kobold2D__/libs/cocos2d-iphone/CocosDenshion/CocosDenshion/CocosDenshion.h:298: warning: Member mute_ (variable) of class CDSoundSource is not documented.
/depot-kobold2d/Kobold2D-Master/Kobold2D-1.0/__Kobold2D__/libs/cocos2d-iphone/CocosDenshion/CocosDenshion/CocosDenshion.h:300: warning: Member pitch (property) of class CDSoundSource is not documented.
/depot-kobold2d/Kobold2D-Master/Kobold2D-1.0/__Kobold2D__/libs/cocos2d-iphone/CocosDenshion/CocosDenshion/CocosDenshion.h:301: warning: Member gain (property) of class CDSoundSource is not documented.
/depot-kobold2d/Kobold2D-Master/Kobold2D-1.0/__Kobold2D__/libs/cocos2d-iphone/CocosDenshion/CocosDenshion/CocosDenshion.h:302: warning: Member pan (property) of class CDSoundSource is not documented.
/depot-kobold2d/Kobold2D-Master/Kobold2D-1.0/__Kobold2D__/libs/cocos2d-iphone/CocosDenshion/CocosDenshion/CocosDenshion.h:303: warning: Member looping (property) of class CDSoundSource is not documented.
/depot-kobold2d/Kobold2D-Master/Kobold2D-1.0/__Kobold2D__/libs/cocos2d-iphone/CocosDenshion/CocosDenshion/CocosDenshion.h:304: warning: Member isPlaying (property) of class CDSoundSource is not documented.
/depot-kobold2d/Kobold2D-Master/Kobold2D-1.0/__Kobold2D__/libs/cocos2d-iphone/CocosDenshion/CocosDenshion/CocosDenshion.h:305: warning: Member soundId (property) of class CDSoundSource is not documented.
/depot-kobold2d/Kobold2D-Master/Kobold2D-1.0/__Kobold2D__/libs/cocos2d-iphone/CocosDenshion/CocosDenshionExtras/CDXPropertyModifierAction.h:41: warning: Member fadeSoundEffects:finalVolume:curveType:shouldStop:(ccTime t,[finalVolume] float endVol,[curveType] tCDInterpolationType curve,[shouldStop] BOOL stop) (function) of class CDXPropertyModifierAction is not documented.
/depot-kobold2d/Kobold2D-Master/Kobold2D-1.0/__Kobold2D__/libs/cocos2d-iphone/CocosDenshion/CocosDenshionExtras/CDXPropertyModifierAction.h:42: warning: Member fadeSoundEffect:finalVolume:curveType:shouldStop:effect:(ccTime t,[finalVolume] float endVol,[curveType] tCDInterpolationType curve,[shouldStop] BOOL stop,[effect] CDSoundSource *effect) (function) of class CDXPropertyModifierAction is not documented.
/depot-kobold2d/Kobold2D-Master/Kobold2D-1.0/__Kobold2D__/libs/cocos2d-iphone/CocosDenshion/CocosDenshionExtras/CDXPropertyModifierAction.h:43: warning: Member fadeBackgroundMusic:finalVolume:curveType:shouldStop:(ccTime t,[finalVolume] float endVol,[curveType] tCDInterpolationType curve,[shouldStop] BOOL stop) (function) of class CDXPropertyModifierAction is not documented.
/depot-kobold2d/Kobold2D-Master/Kobold2D-1.0/__Kobold2D__/libs/cocos2d-iphone/CocosDenshion/CocosDenshionExtras/CDXPropertyModifierAction.h:32: warning: Member modifier (variable) of class CDXPropertyModifierAction is not documented.
/depot-kobold2d/Kobold2D-Master/Kobold2D-1.0/__Kobold2D__/libs/cocos2d-iphone/CocosDenshion/CocosDenshionExtras/CDXPropertyModifierAction.h:33: warning: Member lastSetValue (variable) of class CDXPropertyModifierAction is not documented.
/depot-kobold2d/Kobold2D-Master/Kobold2D-1.0/__Kobold2D__/libs/cocos2d-iphone/CocosDenshion/CocosDenshion/SimpleAudioEngine.h:42: warning: Member mute_ (variable) of class SimpleAudioEngine is not documented.
/depot-kobold2d/Kobold2D-Master/Kobold2D-1.0/__Kobold2D__/libs/cocos2d-iphone/CocosDenshion/CocosDenshion/SimpleAudioEngine.h:43: warning: Member enabled_ (variable) of class SimpleAudioEngine is not documented.
/depot-kobold2d/Kobold2D-Master/Kobold2D-1.0/__Kobold2D__/libs/cocos2d-iphone/CocosDenshion/CocosDenshion/CocosDenshion.h:124: warning: Member startIndex (variable) of class sourceGroup is not documented.
/depot-kobold2d/Kobold2D-Master/Kobold2D-1.0/__Kobold2D__/libs/cocos2d-iphone/CocosDenshion/CocosDenshion/CocosDenshion.h:125: warning: Member currentIndex (variable) of class sourceGroup is not documented.
/depot-kobold2d/Kobold2D-Master/Kobold2D-1.0/__Kobold2D__/libs/cocos2d-iphone/CocosDenshion/CocosDenshion/CocosDenshion.h:126: warning: Member totalSources (variable) of class sourceGroup is not documented.
/depot-kobold2d/Kobold2D-Master/Kobold2D-1.0/__Kobold2D__/libs/cocos2d-iphone/CocosDenshion/CocosDenshion/CocosDenshion.h:127: warning: Member enabled (variable) of class sourceGroup is not documented.
/depot-kobold2d/Kobold2D-Master/Kobold2D-1.0/__Kobold2D__/libs/cocos2d-iphone/CocosDenshion/CocosDenshion/CocosDenshion.h:128: warning: Member nonInterruptible (variable) of class sourceGroup is not documented.
/depot-kobold2d/Kobold2D-Master/Kobold2D-1.0/__Kobold2D__/libs/cocos2d-iphone/CocosDenshion/CocosDenshion/CocosDenshion.h:129: warning: Member sourceStatuses (variable) of class sourceGroup is not documented.
/depot-kobold2d/Kobold2D-Master/Kobold2D-1.0/__Kobold2D__/libs/cocos2d-iphone/CocosDenshion/CocosDenshion/CocosDenshion.h:142: warning: Member usable (variable) of class sourceInfo is not documented.
/depot-kobold2d/Kobold2D-Master/Kobold2D-1.0/__Kobold2D__/libs/cocos2d-iphone/CocosDenshion/CocosDenshion/CocosDenshion.h:143: warning: Member sourceId (variable) of class sourceInfo is not documented.
/depot-kobold2d/Kobold2D-Master/Kobold2D-1.0/__Kobold2D__/libs/cocos2d-iphone/CocosDenshion/CocosDenshion/CocosDenshion.h:144: warning: Member attachedBufferId (variable) of class sourceInfo is not documented.
